{"D:\\Programacion\\Typescript\\supercalcu\\src\\BinaryTree\\BinaryTree.ts": {"path":"D:\\Programacion\\Typescript\\supercalcu\\src\\BinaryTree\\BinaryTree.ts","statementMap":{"0":{"start":{"line":7,"column":8},"end":{"line":7,"column":null}},"1":{"start":{"line":11,"column":8},"end":{"line":11,"column":null}},"2":{"start":{"line":16,"column":0},"end":{"line":16,"column":null}}},"fnMap":{"0":{"name":"(anonymous_0)","decl":{"start":{"line":6,"column":4},"end":{"line":6,"column":16}},"loc":{"start":{"line":6,"column":41},"end":{"line":8,"column":5}}},"1":{"name":"(anonymous_1)","decl":{"start":{"line":10,"column":4},"end":{"line":10,"column":11}},"loc":{"start":{"line":10,"column":11},"end":{"line":12,"column":5}}}},"branchMap":{"0":{"loc":{"start":{"line":6,"column":16},"end":{"line":6,"column":41}},"type":"default-arg","locations":[{"start":{"line":6,"column":37},"end":{"line":6,"column":41}}]}},"s":{"0":2,"1":0,"2":1},"f":{"0":2,"1":0},"b":{"0":[1]}}
,"D:\\Programacion\\Typescript\\supercalcu\\src\\BinaryTree\\TreeNode.ts": {"path":"D:\\Programacion\\Typescript\\supercalcu\\src\\BinaryTree\\TreeNode.ts","statementMap":{"0":{"start":{"line":1,"column":0},"end":{"line":1,"column":56}},"1":{"start":{"line":2,"column":0},"end":{"line":2,"column":64}},"2":{"start":{"line":12,"column":8},"end":{"line":12,"column":null}},"3":{"start":{"line":13,"column":8},"end":{"line":13,"column":null}},"4":{"start":{"line":14,"column":8},"end":{"line":14,"column":null}},"5":{"start":{"line":18,"column":8},"end":{"line":18,"column":null}},"6":{"start":{"line":22,"column":8},"end":{"line":22,"column":null}},"7":{"start":{"line":26,"column":8},"end":{"line":26,"column":null}},"8":{"start":{"line":30,"column":8},"end":{"line":30,"column":null}},"9":{"start":{"line":37,"column":0},"end":{"line":37,"column":null}}},"fnMap":{"0":{"name":"(anonymous_1)","decl":{"start":{"line":11,"column":4},"end":{"line":11,"column":16}},"loc":{"start":{"line":11,"column":99},"end":{"line":15,"column":5}}},"1":{"name":"(anonymous_2)","decl":{"start":{"line":17,"column":4},"end":{"line":17,"column":14}},"loc":{"start":{"line":17,"column":28},"end":{"line":19,"column":5}}},"2":{"name":"(anonymous_3)","decl":{"start":{"line":21,"column":4},"end":{"line":21,"column":15}},"loc":{"start":{"line":21,"column":29},"end":{"line":23,"column":5}}},"3":{"name":"(anonymous_4)","decl":{"start":{"line":25,"column":4},"end":{"line":25,"column":15}},"loc":{"start":{"line":25,"column":15},"end":{"line":27,"column":5}}},"4":{"name":"(anonymous_5)","decl":{"start":{"line":29,"column":4},"end":{"line":29,"column":15}},"loc":{"start":{"line":29,"column":15},"end":{"line":31,"column":5}}}},"branchMap":{"0":{"loc":{"start":{"line":11,"column":50},"end":{"line":11,"column":73}},"type":"default-arg","locations":[{"start":{"line":11,"column":69},"end":{"line":11,"column":73}}]},"1":{"loc":{"start":{"line":11,"column":75},"end":{"line":11,"column":99}},"type":"default-arg","locations":[{"start":{"line":11,"column":95},"end":{"line":11,"column":99}}]}},"s":{"0":1,"1":1,"2":6,"3":6,"4":6,"5":0,"6":0,"7":0,"8":0,"9":1},"f":{"0":6,"1":0,"2":0,"3":0,"4":0},"b":{"0":[4],"1":[4]}}
,"D:\\Programacion\\Typescript\\supercalcu\\src\\Math\\MathIO\\MathInput\\MathQuery.ts": {"path":"D:\\Programacion\\Typescript\\supercalcu\\src\\Math\\MathIO\\MathInput\\MathQuery.ts","statementMap":{"0":{"start":{"line":1,"column":0},"end":{"line":1,"column":55}},"1":{"start":{"line":2,"column":0},"end":{"line":2,"column":51}},"2":{"start":{"line":3,"column":0},"end":{"line":3,"column":49}},"3":{"start":{"line":5,"column":0},"end":{"line":5,"column":100}},"4":{"start":{"line":6,"column":0},"end":{"line":6,"column":98}},"5":{"start":{"line":7,"column":0},"end":{"line":7,"column":88}},"6":{"start":{"line":8,"column":0},"end":{"line":8,"column":66}},"7":{"start":{"line":9,"column":0},"end":{"line":9,"column":60}},"8":{"start":{"line":10,"column":0},"end":{"line":10,"column":41}},"9":{"start":{"line":15,"column":12},"end":{"line":15,"column":null}},"10":{"start":{"line":16,"column":12},"end":{"line":16,"column":null}},"11":{"start":{"line":19,"column":8},"end":{"line":19,"column":null}},"12":{"start":{"line":20,"column":8},"end":{"line":20,"column":null}},"13":{"start":{"line":21,"column":8},"end":{"line":21,"column":null}},"14":{"start":{"line":25,"column":8},"end":{"line":25,"column":null}},"15":{"start":{"line":30,"column":38},"end":{"line":30,"column":40}},"16":{"start":{"line":32,"column":8},"end":{"line":35,"column":null}},"17":{"start":{"line":33,"column":28},"end":{"line":33,"column":119}},"18":{"start":{"line":34,"column":12},"end":{"line":34,"column":null}},"19":{"start":{"line":37,"column":8},"end":{"line":37,"column":null}},"20":{"start":{"line":42,"column":8},"end":{"line":42,"column":null}},"21":{"start":{"line":43,"column":8},"end":{"line":43,"column":90}},"22":{"start":{"line":49,"column":8},"end":{"line":54,"column":null}},"23":{"start":{"line":60,"column":0},"end":{"line":60,"column":null}}},"fnMap":{"0":{"name":"(anonymous_1)","decl":{"start":{"line":18,"column":4},"end":{"line":18,"column":16}},"loc":{"start":{"line":18,"column":31},"end":{"line":22,"column":5}}},"1":{"name":"(anonymous_2)","decl":{"start":{"line":24,"column":4},"end":{"line":24,"column":16}},"loc":{"start":{"line":24,"column":16},"end":{"line":26,"column":5}}},"2":{"name":"(anonymous_3)","decl":{"start":{"line":28,"column":4},"end":{"line":28,"column":18}},"loc":{"start":{"line":28,"column":18},"end":{"line":38,"column":5}}},"3":{"name":"(anonymous_4)","decl":{"start":{"line":40,"column":12},"end":{"line":40,"column":22}},"loc":{"start":{"line":40,"column":22},"end":{"line":45,"column":5}}},"4":{"name":"(anonymous_5)","decl":{"start":{"line":47,"column":12},"end":{"line":47,"column":25}},"loc":{"start":{"line":47,"column":25},"end":{"line":56,"column":5}}}},"branchMap":{"0":{"loc":{"start":{"line":32,"column":8},"end":{"line":35,"column":null}},"type":"if","locations":[{"start":{"line":32,"column":8},"end":{"line":35,"column":null}}]},"1":{"loc":{"start":{"line":32,"column":11},"end":{"line":32,"column":109}},"type":"binary-expr","locations":[{"start":{"line":32,"column":11},"end":{"line":32,"column":60}},{"start":{"line":32,"column":64},"end":{"line":32,"column":109}}]}},"s":{"0":1,"1":1,"2":1,"3":1,"4":1,"5":1,"6":1,"7":1,"8":1,"9":1,"10":1,"11":1,"12":1,"13":1,"14":1,"15":0,"16":0,"17":0,"18":0,"19":0,"20":1,"21":1,"22":1,"23":1},"f":{"0":1,"1":1,"2":0,"3":1,"4":1},"b":{"0":[0],"1":[0,0]}}
,"D:\\Programacion\\Typescript\\supercalcu\\src\\Math\\MathIO\\MathInput\\MathSubQuery.ts": {"path":"D:\\Programacion\\Typescript\\supercalcu\\src\\Math\\MathIO\\MathInput\\MathSubQuery.ts","statementMap":{"0":{"start":{"line":1,"column":0},"end":{"line":1,"column":51}},"1":{"start":{"line":2,"column":0},"end":{"line":2,"column":72}},"2":{"start":{"line":3,"column":0},"end":{"line":3,"column":62}},"3":{"start":{"line":4,"column":0},"end":{"line":4,"column":54}},"4":{"start":{"line":7,"column":0},"end":{"line":7,"column":50}},"5":{"start":{"line":12,"column":0},"end":{"line":12,"column":72}},"6":{"start":{"line":20,"column":8},"end":{"line":20,"column":null}},"7":{"start":{"line":21,"column":8},"end":{"line":21,"column":null}},"8":{"start":{"line":22,"column":8},"end":{"line":22,"column":null}},"9":{"start":{"line":26,"column":8},"end":{"line":26,"column":null}},"10":{"start":{"line":31,"column":25},"end":{"line":31,"column":48}},"11":{"start":{"line":33,"column":8},"end":{"line":64,"column":null}},"12":{"start":{"line":35,"column":12},"end":{"line":62,"column":null}},"13":{"start":{"line":36,"column":16},"end":{"line":36,"column":null}},"14":{"start":{"line":42,"column":16},"end":{"line":60,"column":null}},"15":{"start":{"line":43,"column":20},"end":{"line":43,"column":null}},"16":{"start":{"line":44,"column":20},"end":{"line":44,"column":null}},"17":{"start":{"line":47,"column":35},"end":{"line":47,"column":64}},"18":{"start":{"line":49,"column":20},"end":{"line":50,"column":null}},"19":{"start":{"line":50,"column":24},"end":{"line":50,"column":null}},"20":{"start":{"line":51,"column":20},"end":{"line":52,"column":null}},"21":{"start":{"line":52,"column":24},"end":{"line":52,"column":null}},"22":{"start":{"line":53,"column":20},"end":{"line":54,"column":null}},"23":{"start":{"line":54,"column":24},"end":{"line":54,"column":null}},"24":{"start":{"line":55,"column":20},"end":{"line":56,"column":null}},"25":{"start":{"line":56,"column":24},"end":{"line":56,"column":null}},"26":{"start":{"line":57,"column":20},"end":{"line":58,"column":null}},"27":{"start":{"line":58,"column":24},"end":{"line":58,"column":null}},"28":{"start":{"line":66,"column":8},"end":{"line":66,"column":null}},"29":{"start":{"line":73,"column":8},"end":{"line":73,"column":null}},"30":{"start":{"line":106,"column":0},"end":{"line":106,"column":null}}},"fnMap":{"0":{"name":"(anonymous_1)","decl":{"start":{"line":19,"column":4},"end":{"line":19,"column":16}},"loc":{"start":{"line":19,"column":32},"end":{"line":23,"column":5}}},"1":{"name":"(anonymous_2)","decl":{"start":{"line":25,"column":4},"end":{"line":25,"column":16}},"loc":{"start":{"line":25,"column":16},"end":{"line":27,"column":5}}},"2":{"name":"(anonymous_3)","decl":{"start":{"line":29,"column":4},"end":{"line":29,"column":18}},"loc":{"start":{"line":29,"column":91},"end":{"line":68,"column":5}}},"3":{"name":"(anonymous_4)","decl":{"start":{"line":71,"column":12},"end":{"line":71,"column":28}},"loc":{"start":{"line":71,"column":28},"end":{"line":102,"column":5}}}},"branchMap":{"0":{"loc":{"start":{"line":29,"column":19},"end":{"line":29,"column":61}},"type":"default-arg","locations":[{"start":{"line":29,"column":47},"end":{"line":29,"column":61}}]},"1":{"loc":{"start":{"line":29,"column":63},"end":{"line":29,"column":91}},"type":"default-arg","locations":[{"start":{"line":29,"column":89},"end":{"line":29,"column":91}}]},"2":{"loc":{"start":{"line":33,"column":8},"end":{"line":64,"column":null}},"type":"if","locations":[{"start":{"line":33,"column":8},"end":{"line":64,"column":null}}]},"3":{"loc":{"start":{"line":35,"column":12},"end":{"line":62,"column":null}},"type":"if","locations":[{"start":{"line":35,"column":12},"end":{"line":62,"column":null}},{"start":{"line":37,"column":19},"end":{"line":62,"column":null}}]},"4":{"loc":{"start":{"line":42,"column":16},"end":{"line":60,"column":null}},"type":"if","locations":[{"start":{"line":42,"column":16},"end":{"line":60,"column":null}}]},"5":{"loc":{"start":{"line":42,"column":19},"end":{"line":42,"column":94}},"type":"binary-expr","locations":[{"start":{"line":42,"column":19},"end":{"line":42,"column":54}},{"start":{"line":42,"column":58},"end":{"line":42,"column":94}}]},"6":{"loc":{"start":{"line":49,"column":20},"end":{"line":50,"column":null}},"type":"if","locations":[{"start":{"line":49,"column":20},"end":{"line":50,"column":null}}]},"7":{"loc":{"start":{"line":51,"column":20},"end":{"line":52,"column":null}},"type":"if","locations":[{"start":{"line":51,"column":20},"end":{"line":52,"column":null}}]},"8":{"loc":{"start":{"line":53,"column":20},"end":{"line":54,"column":null}},"type":"if","locations":[{"start":{"line":53,"column":20},"end":{"line":54,"column":null}}]},"9":{"loc":{"start":{"line":55,"column":20},"end":{"line":56,"column":null}},"type":"if","locations":[{"start":{"line":55,"column":20},"end":{"line":56,"column":null}}]},"10":{"loc":{"start":{"line":57,"column":20},"end":{"line":58,"column":null}},"type":"if","locations":[{"start":{"line":57,"column":20},"end":{"line":58,"column":null}}]},"11":{"loc":{"start":{"line":57,"column":23},"end":{"line":57,"column":75}},"type":"binary-expr","locations":[{"start":{"line":57,"column":23},"end":{"line":57,"column":49}},{"start":{"line":57,"column":53},"end":{"line":57,"column":75}}]}},"s":{"0":1,"1":1,"2":1,"3":1,"4":1,"5":1,"6":3,"7":3,"8":3,"9":3,"10":0,"11":0,"12":0,"13":0,"14":0,"15":0,"16":0,"17":0,"18":0,"19":0,"20":0,"21":0,"22":0,"23":0,"24":0,"25":0,"26":0,"27":0,"28":0,"29":3,"30":1},"f":{"0":3,"1":3,"2":0,"3":3},"b":{"0":[0],"1":[0],"2":[0],"3":[0,0],"4":[0],"5":[0,0],"6":[0],"7":[0],"8":[0],"9":[0],"10":[0],"11":[0,0]}}
,"D:\\Programacion\\Typescript\\supercalcu\\src\\Math\\MathIO\\MathInput\\InputConstructor\\AConstructor.ts": {"path":"D:\\Programacion\\Typescript\\supercalcu\\src\\Math\\MathIO\\MathInput\\InputConstructor\\AConstructor.ts","statementMap":{"0":{"start":{"line":8,"column":8},"end":{"line":8,"column":null}},"1":{"start":{"line":9,"column":8},"end":{"line":9,"column":null}},"2":{"start":{"line":10,"column":8},"end":{"line":10,"column":null}},"3":{"start":{"line":17,"column":0},"end":{"line":17,"column":null}}},"fnMap":{"0":{"name":"(anonymous_0)","decl":{"start":{"line":7,"column":4},"end":{"line":7,"column":16}},"loc":{"start":{"line":7,"column":28},"end":{"line":11,"column":5}}}},"branchMap":{},"s":{"0":13,"1":13,"2":13,"3":2},"f":{"0":13},"b":{}}
,"D:\\Programacion\\Typescript\\supercalcu\\src\\Math\\MathIO\\MathInput\\InputConstructor\\CoefficientConstructor.ts": {"path":"D:\\Programacion\\Typescript\\supercalcu\\src\\Math\\MathIO\\MathInput\\InputConstructor\\CoefficientConstructor.ts","statementMap":{"0":{"start":{"line":2,"column":0},"end":{"line":2,"column":110}},"1":{"start":{"line":3,"column":0},"end":{"line":3,"column":108}},"2":{"start":{"line":4,"column":0},"end":{"line":4,"column":104}},"3":{"start":{"line":5,"column":0},"end":{"line":5,"column":106}},"4":{"start":{"line":6,"column":0},"end":{"line":6,"column":51}},"5":{"start":{"line":7,"column":0},"end":{"line":7,"column":69}},"6":{"start":{"line":8,"column":0},"end":{"line":8,"column":42}},"7":{"start":{"line":16,"column":25},"end":{"line":16,"column":45}},"8":{"start":{"line":17,"column":32},"end":{"line":17,"column":34}},"9":{"start":{"line":19,"column":58},"end":{"line":19,"column":60}},"10":{"start":{"line":23,"column":8},"end":{"line":32,"column":null}},"11":{"start":{"line":28,"column":12},"end":{"line":28,"column":47}},"12":{"start":{"line":31,"column":12},"end":{"line":31,"column":null}},"13":{"start":{"line":34,"column":8},"end":{"line":34,"column":null}},"14":{"start":{"line":36,"column":38},"end":{"line":36,"column":87}},"15":{"start":{"line":37,"column":8},"end":{"line":44,"column":null}},"16":{"start":{"line":39,"column":12},"end":{"line":41,"column":null}},"17":{"start":{"line":43,"column":11},"end":{"line":43,"column":null}},"18":{"start":{"line":46,"column":8},"end":{"line":46,"column":null}},"19":{"start":{"line":48,"column":8},"end":{"line":66,"column":null}},"20":{"start":{"line":50,"column":12},"end":{"line":55,"column":null}},"21":{"start":{"line":51,"column":16},"end":{"line":51,"column":null}},"22":{"start":{"line":52,"column":17},"end":{"line":55,"column":null}},"23":{"start":{"line":53,"column":16},"end":{"line":53,"column":null}},"24":{"start":{"line":55,"column":16},"end":{"line":55,"column":null}},"25":{"start":{"line":59,"column":55},"end":{"line":59,"column":109}},"26":{"start":{"line":61,"column":12},"end":{"line":64,"column":null}},"27":{"start":{"line":62,"column":16},"end":{"line":62,"column":null}},"28":{"start":{"line":64,"column":16},"end":{"line":64,"column":null}},"29":{"start":{"line":72,"column":0},"end":{"line":72,"column":null}}},"fnMap":{"0":{"name":"(anonymous_1)","decl":{"start":{"line":14,"column":4},"end":{"line":14,"column":13}},"loc":{"start":{"line":14,"column":13},"end":{"line":68,"column":5}}},"1":{"name":"(anonymous_2)","decl":{"start":{"line":37,"column":31},"end":{"line":37,"column":43}},"loc":{"start":{"line":37,"column":46},"end":{"line":44,"column":9}}}},"branchMap":{"0":{"loc":{"start":{"line":24,"column":12},"end":{"line":25,"column":32}},"type":"binary-expr","locations":[{"start":{"line":24,"column":12},"end":{"line":24,"column":47}},{"start":{"line":25,"column":12},"end":{"line":25,"column":32}}]},"1":{"loc":{"start":{"line":48,"column":8},"end":{"line":66,"column":null}},"type":"if","locations":[{"start":{"line":48,"column":8},"end":{"line":66,"column":null}},{"start":{"line":57,"column":15},"end":{"line":66,"column":null}}]},"2":{"loc":{"start":{"line":50,"column":12},"end":{"line":55,"column":null}},"type":"if","locations":[{"start":{"line":50,"column":12},"end":{"line":55,"column":null}},{"start":{"line":52,"column":17},"end":{"line":55,"column":null}}]},"3":{"loc":{"start":{"line":52,"column":17},"end":{"line":55,"column":null}},"type":"if","locations":[{"start":{"line":52,"column":17},"end":{"line":55,"column":null}},{"start":{"line":55,"column":16},"end":{"line":55,"column":null}}]},"4":{"loc":{"start":{"line":61,"column":12},"end":{"line":64,"column":null}},"type":"if","locations":[{"start":{"line":61,"column":12},"end":{"line":64,"column":null}},{"start":{"line":64,"column":16},"end":{"line":64,"column":null}}]}},"s":{"0":2,"1":2,"2":2,"3":2,"4":2,"5":2,"6":2,"7":5,"8":5,"9":5,"10":5,"11":2,"12":2,"13":5,"14":5,"15":5,"16":3,"17":3,"18":5,"19":5,"20":3,"21":2,"22":1,"23":1,"24":0,"25":2,"26":2,"27":1,"28":1,"29":2},"f":{"0":5,"1":3},"b":{"0":[7,5],"1":[3,2],"2":[2,1],"3":[1,0],"4":[1,1]}}
,"D:\\Programacion\\Typescript\\supercalcu\\src\\Math\\MathIO\\MathInput\\InputConstructor\\MonomioConstructor.ts": {"path":"D:\\Programacion\\Typescript\\supercalcu\\src\\Math\\MathIO\\MathInput\\InputConstructor\\MonomioConstructor.ts","statementMap":{"0":{"start":{"line":1,"column":0},"end":{"line":1,"column":96}},"1":{"start":{"line":2,"column":0},"end":{"line":2,"column":106}},"2":{"start":{"line":3,"column":0},"end":{"line":3,"column":82}},"3":{"start":{"line":4,"column":0},"end":{"line":4,"column":84}},"4":{"start":{"line":5,"column":0},"end":{"line":5,"column":74}},"5":{"start":{"line":6,"column":0},"end":{"line":6,"column":51}},"6":{"start":{"line":7,"column":0},"end":{"line":7,"column":42}},"7":{"start":{"line":8,"column":0},"end":{"line":8,"column":62}},"8":{"start":{"line":13,"column":4},"end":{"line":13,"column":null}},"9":{"start":{"line":17,"column":29},"end":{"line":17,"column":49}},"10":{"start":{"line":19,"column":30},"end":{"line":19,"column":43}},"11":{"start":{"line":21,"column":35},"end":{"line":21,"column":73}},"12":{"start":{"line":22,"column":8},"end":{"line":22,"column":null}},"13":{"start":{"line":24,"column":8},"end":{"line":24,"column":null}},"14":{"start":{"line":26,"column":8},"end":{"line":27,"column":null}},"15":{"start":{"line":27,"column":12},"end":{"line":27,"column":null}},"16":{"start":{"line":30,"column":8},"end":{"line":63,"column":null}},"17":{"start":{"line":35,"column":22},"end":{"line":35,"column":31}},"18":{"start":{"line":36,"column":36},"end":{"line":36,"column":66}},"19":{"start":{"line":37,"column":12},"end":{"line":37,"column":null}},"20":{"start":{"line":40,"column":12},"end":{"line":52,"column":null}},"21":{"start":{"line":41,"column":16},"end":{"line":41,"column":null}},"22":{"start":{"line":43,"column":16},"end":{"line":50,"column":null}},"23":{"start":{"line":44,"column":20},"end":{"line":45,"column":null}},"24":{"start":{"line":45,"column":24},"end":{"line":45,"column":null}},"25":{"start":{"line":47,"column":20},"end":{"line":47,"column":null}},"26":{"start":{"line":48,"column":20},"end":{"line":48,"column":null}},"27":{"start":{"line":54,"column":12},"end":{"line":58,"column":null}},"28":{"start":{"line":55,"column":16},"end":{"line":55,"column":null}},"29":{"start":{"line":57,"column":16},"end":{"line":57,"column":null}},"30":{"start":{"line":60,"column":12},"end":{"line":60,"column":null}},"31":{"start":{"line":61,"column":12},"end":{"line":61,"column":null}},"32":{"start":{"line":65,"column":8},"end":{"line":65,"column":null}},"33":{"start":{"line":71,"column":0},"end":{"line":71,"column":null}}},"fnMap":{"0":{"name":"(anonymous_1)","decl":{"start":{"line":10,"column":0},"end":{"line":10,"column":6}},"loc":{"start":{"line":10,"column":0},"end":{"line":69,"column":1}}},"1":{"name":"(anonymous_2)","decl":{"start":{"line":15,"column":4},"end":{"line":15,"column":13}},"loc":{"start":{"line":15,"column":13},"end":{"line":67,"column":5}}}},"branchMap":{"0":{"loc":{"start":{"line":26,"column":8},"end":{"line":27,"column":null}},"type":"if","locations":[{"start":{"line":26,"column":8},"end":{"line":27,"column":null}}]},"1":{"loc":{"start":{"line":31,"column":12},"end":{"line":33,"column":33}},"type":"binary-expr","locations":[{"start":{"line":31,"column":12},"end":{"line":31,"column":56}},{"start":{"line":32,"column":12},"end":{"line":32,"column":57}},{"start":{"line":33,"column":12},"end":{"line":33,"column":33}}]},"2":{"loc":{"start":{"line":40,"column":12},"end":{"line":52,"column":null}},"type":"if","locations":[{"start":{"line":40,"column":12},"end":{"line":52,"column":null}}]},"3":{"loc":{"start":{"line":44,"column":20},"end":{"line":45,"column":null}},"type":"if","locations":[{"start":{"line":44,"column":20},"end":{"line":45,"column":null}}]},"4":{"loc":{"start":{"line":54,"column":12},"end":{"line":58,"column":null}},"type":"if","locations":[{"start":{"line":54,"column":12},"end":{"line":58,"column":null}},{"start":{"line":56,"column":19},"end":{"line":58,"column":null}}]}},"s":{"0":2,"1":2,"2":2,"3":2,"4":2,"5":2,"6":2,"7":2,"8":5,"9":5,"10":5,"11":5,"12":5,"13":5,"14":5,"15":0,"16":5,"17":5,"18":5,"19":5,"20":5,"21":2,"22":2,"23":2,"24":2,"25":2,"26":2,"27":5,"28":3,"29":2,"30":5,"31":5,"32":5,"33":2},"f":{"0":5,"1":5},"b":{"0":[0],"1":[10,10,10],"2":[2],"3":[2],"4":[3,2]}}
,"D:\\Programacion\\Typescript\\supercalcu\\src\\Math\\MathIO\\MathInput\\InputConstructor\\TreeNodeConstructor.ts": {"path":"D:\\Programacion\\Typescript\\supercalcu\\src\\Math\\MathIO\\MathInput\\InputConstructor\\TreeNodeConstructor.ts","statementMap":{"0":{"start":{"line":1,"column":0},"end":{"line":1,"column":55}},"1":{"start":{"line":2,"column":0},"end":{"line":2,"column":76}},"2":{"start":{"line":4,"column":0},"end":{"line":4,"column":51}},"3":{"start":{"line":5,"column":0},"end":{"line":5,"column":86}},"4":{"start":{"line":6,"column":0},"end":{"line":6,"column":82}},"5":{"start":{"line":7,"column":0},"end":{"line":7,"column":62}},"6":{"start":{"line":8,"column":0},"end":{"line":8,"column":43}},"7":{"start":{"line":9,"column":0},"end":{"line":9,"column":42}},"8":{"start":{"line":10,"column":0},"end":{"line":10,"column":54}},"9":{"start":{"line":18,"column":8},"end":{"line":21,"column":null}},"10":{"start":{"line":23,"column":25},"end":{"line":23,"column":45}},"11":{"start":{"line":24,"column":33},"end":{"line":24,"column":67}},"12":{"start":{"line":25,"column":8},"end":{"line":40,"column":null}},"13":{"start":{"line":27,"column":31},"end":{"line":27,"column":54}},"14":{"start":{"line":28,"column":24},"end":{"line":28,"column":97}},"15":{"start":{"line":29,"column":23},"end":{"line":29,"column":97}},"16":{"start":{"line":30,"column":12},"end":{"line":30,"column":null}},"17":{"start":{"line":34,"column":26},"end":{"line":34,"column":68}},"18":{"start":{"line":35,"column":28},"end":{"line":35,"column":43}},"19":{"start":{"line":36,"column":12},"end":{"line":37,"column":null}},"20":{"start":{"line":37,"column":16},"end":{"line":37,"column":null}},"21":{"start":{"line":38,"column":12},"end":{"line":38,"column":null}},"22":{"start":{"line":48,"column":0},"end":{"line":48,"column":null}}},"fnMap":{"0":{"name":"(anonymous_1)","decl":{"start":{"line":15,"column":4},"end":{"line":15,"column":13}},"loc":{"start":{"line":15,"column":13},"end":{"line":44,"column":5}}}},"branchMap":{"0":{"loc":{"start":{"line":25,"column":8},"end":{"line":40,"column":null}},"type":"if","locations":[{"start":{"line":25,"column":8},"end":{"line":40,"column":null}},{"start":{"line":32,"column":15},"end":{"line":40,"column":null}}]},"1":{"loc":{"start":{"line":36,"column":12},"end":{"line":37,"column":null}},"type":"if","locations":[{"start":{"line":36,"column":12},"end":{"line":37,"column":null}}]}},"s":{"0":1,"1":1,"2":1,"3":1,"4":1,"5":1,"6":1,"7":1,"8":1,"9":3,"10":3,"11":3,"12":3,"13":1,"14":1,"15":1,"16":1,"17":2,"18":2,"19":2,"20":2,"21":2,"22":1},"f":{"0":3},"b":{"0":[1,2],"1":[2]}}
,"D:\\Programacion\\Typescript\\supercalcu\\src\\Math\\MathIO\\MathInput\\InputExtractors\\AExtractor.ts": {"path":"D:\\Programacion\\Typescript\\supercalcu\\src\\Math\\MathIO\\MathInput\\InputExtractors\\AExtractor.ts","statementMap":{"0":{"start":{"line":3,"column":4},"end":{"line":3,"column":null}},"1":{"start":{"line":4,"column":14},"end":{"line":4,"column":null}},"2":{"start":{"line":7,"column":8},"end":{"line":7,"column":null}},"3":{"start":{"line":9,"column":8},"end":{"line":10,"column":null}},"4":{"start":{"line":10,"column":12},"end":{"line":10,"column":null}},"5":{"start":{"line":16,"column":8},"end":{"line":16,"column":null}},"6":{"start":{"line":21,"column":0},"end":{"line":21,"column":null}}},"fnMap":{"0":{"name":"(anonymous_0)","decl":{"start":{"line":6,"column":4},"end":{"line":6,"column":16}},"loc":{"start":{"line":6,"column":33},"end":{"line":12,"column":5}}},"1":{"name":"(anonymous_1)","decl":{"start":{"line":15,"column":4},"end":{"line":15,"column":17}},"loc":{"start":{"line":15,"column":17},"end":{"line":17,"column":5}}}},"branchMap":{"0":{"loc":{"start":{"line":6,"column":16},"end":{"line":6,"column":33}},"type":"default-arg","locations":[{"start":{"line":6,"column":31},"end":{"line":6,"column":33}}]},"1":{"loc":{"start":{"line":9,"column":8},"end":{"line":10,"column":null}},"type":"if","locations":[{"start":{"line":9,"column":8},"end":{"line":10,"column":null}}]}},"s":{"0":5,"1":5,"2":5,"3":5,"4":4,"5":5,"6":2},"f":{"0":5,"1":5},"b":{"0":[0],"1":[4]}}
,"D:\\Programacion\\Typescript\\supercalcu\\src\\Math\\MathIO\\MathInput\\InputExtractors\\ConstantExtractor.ts": {"path":"D:\\Programacion\\Typescript\\supercalcu\\src\\Math\\MathIO\\MathInput\\InputExtractors\\ConstantExtractor.ts","statementMap":{"0":{"start":{"line":1,"column":0},"end":{"line":1,"column":108}},"1":{"start":{"line":2,"column":0},"end":{"line":2,"column":38}},"2":{"start":{"line":8,"column":39},"end":{"line":8,"column":41}},"3":{"start":{"line":11,"column":8},"end":{"line":20,"column":null}},"4":{"start":{"line":13,"column":12},"end":{"line":18,"column":null}},"5":{"start":{"line":15,"column":16},"end":{"line":15,"column":null}},"6":{"start":{"line":16,"column":16},"end":{"line":16,"column":null}},"7":{"start":{"line":22,"column":8},"end":{"line":22,"column":null}},"8":{"start":{"line":28,"column":0},"end":{"line":28,"column":null}}},"fnMap":{"0":{"name":"(anonymous_1)","decl":{"start":{"line":6,"column":4},"end":{"line":6,"column":11}},"loc":{"start":{"line":6,"column":11},"end":{"line":24,"column":5}}},"1":{"name":"(anonymous_2)","decl":{"start":{"line":11,"column":42},"end":{"line":11,"column":54}},"loc":{"start":{"line":11,"column":57},"end":{"line":20,"column":9}}}},"branchMap":{},"s":{"0":2,"1":2,"2":4,"3":4,"4":8,"5":3,"6":3,"7":4,"8":2},"f":{"0":4,"1":8},"b":{}}
,"D:\\Programacion\\Typescript\\supercalcu\\src\\Math\\MathIO\\MathInput\\InputFilters\\AFilter.ts": {"path":"D:\\Programacion\\Typescript\\supercalcu\\src\\Math\\MathIO\\MathInput\\InputFilters\\AFilter.ts","statementMap":{"0":{"start":{"line":3,"column":4},"end":{"line":3,"column":null}},"1":{"start":{"line":4,"column":14},"end":{"line":4,"column":null}},"2":{"start":{"line":7,"column":8},"end":{"line":7,"column":null}},"3":{"start":{"line":9,"column":8},"end":{"line":10,"column":null}},"4":{"start":{"line":10,"column":12},"end":{"line":10,"column":null}},"5":{"start":{"line":15,"column":8},"end":{"line":15,"column":null}},"6":{"start":{"line":16,"column":8},"end":{"line":16,"column":null}},"7":{"start":{"line":21,"column":8},"end":{"line":21,"column":null}},"8":{"start":{"line":26,"column":0},"end":{"line":26,"column":null}}},"fnMap":{"0":{"name":"(anonymous_0)","decl":{"start":{"line":6,"column":4},"end":{"line":6,"column":16}},"loc":{"start":{"line":6,"column":33},"end":{"line":12,"column":5}}},"1":{"name":"(anonymous_1)","decl":{"start":{"line":14,"column":4},"end":{"line":14,"column":12}},"loc":{"start":{"line":14,"column":25},"end":{"line":17,"column":5}}},"2":{"name":"(anonymous_2)","decl":{"start":{"line":20,"column":4},"end":{"line":20,"column":17}},"loc":{"start":{"line":20,"column":17},"end":{"line":22,"column":5}}}},"branchMap":{"0":{"loc":{"start":{"line":6,"column":16},"end":{"line":6,"column":33}},"type":"default-arg","locations":[{"start":{"line":6,"column":31},"end":{"line":6,"column":33}}]},"1":{"loc":{"start":{"line":9,"column":8},"end":{"line":10,"column":null}},"type":"if","locations":[{"start":{"line":9,"column":8},"end":{"line":10,"column":null}}]}},"s":{"0":10,"1":10,"2":10,"3":10,"4":0,"5":10,"6":10,"7":10,"8":1},"f":{"0":10,"1":10,"2":10},"b":{"0":[10],"1":[0]}}
,"D:\\Programacion\\Typescript\\supercalcu\\src\\Math\\MathIO\\MathInput\\InputFilters\\DeleteCloseUnopenedParentesisFilter.ts": {"path":"D:\\Programacion\\Typescript\\supercalcu\\src\\Math\\MathIO\\MathInput\\InputFilters\\DeleteCloseUnopenedParentesisFilter.ts","statementMap":{"0":{"start":{"line":1,"column":0},"end":{"line":1,"column":51}},"1":{"start":{"line":2,"column":0},"end":{"line":2,"column":32}},"2":{"start":{"line":7,"column":28},"end":{"line":7,"column":48}},"3":{"start":{"line":10,"column":25},"end":{"line":10,"column":51}},"4":{"start":{"line":11,"column":8},"end":{"line":25,"column":null}},"5":{"start":{"line":12,"column":33},"end":{"line":12,"column":95}},"6":{"start":{"line":15,"column":12},"end":{"line":24,"column":null}},"7":{"start":{"line":16,"column":16},"end":{"line":16,"column":null}},"8":{"start":{"line":17,"column":16},"end":{"line":17,"column":null}},"9":{"start":{"line":19,"column":31},"end":{"line":19,"column":77}},"10":{"start":{"line":20,"column":16},"end":{"line":23,"column":null}},"11":{"start":{"line":21,"column":20},"end":{"line":21,"column":null}},"12":{"start":{"line":23,"column":20},"end":{"line":23,"column":null}},"13":{"start":{"line":27,"column":8},"end":{"line":27,"column":null}},"14":{"start":{"line":33,"column":0},"end":{"line":33,"column":null}}},"fnMap":{"0":{"name":"(anonymous_1)","decl":{"start":{"line":5,"column":4},"end":{"line":5,"column":14}},"loc":{"start":{"line":5,"column":14},"end":{"line":29,"column":5}}}},"branchMap":{"0":{"loc":{"start":{"line":15,"column":12},"end":{"line":24,"column":null}},"type":"if","locations":[{"start":{"line":15,"column":12},"end":{"line":24,"column":null}},{"start":{"line":18,"column":19},"end":{"line":24,"column":null}}]},"1":{"loc":{"start":{"line":20,"column":16},"end":{"line":23,"column":null}},"type":"if","locations":[{"start":{"line":20,"column":16},"end":{"line":23,"column":null}},{"start":{"line":23,"column":20},"end":{"line":23,"column":null}}]}},"s":{"0":1,"1":1,"2":1,"3":1,"4":1,"5":0,"6":0,"7":0,"8":0,"9":0,"10":0,"11":0,"12":0,"13":1,"14":1},"f":{"0":1},"b":{"0":[0,0],"1":[0,0]}}
,"D:\\Programacion\\Typescript\\supercalcu\\src\\Math\\MathIO\\MathInput\\InputFilters\\DeleteOpenUnclosedParentesisFilter.ts": {"path":"D:\\Programacion\\Typescript\\supercalcu\\src\\Math\\MathIO\\MathInput\\InputFilters\\DeleteOpenUnclosedParentesisFilter.ts","statementMap":{"0":{"start":{"line":1,"column":0},"end":{"line":1,"column":51}},"1":{"start":{"line":2,"column":0},"end":{"line":2,"column":32}},"2":{"start":{"line":8,"column":28},"end":{"line":8,"column":48}},"3":{"start":{"line":9,"column":25},"end":{"line":9,"column":51}},"4":{"start":{"line":10,"column":8},"end":{"line":23,"column":null}},"5":{"start":{"line":11,"column":34},"end":{"line":11,"column":97}},"6":{"start":{"line":13,"column":12},"end":{"line":22,"column":null}},"7":{"start":{"line":14,"column":16},"end":{"line":14,"column":null}},"8":{"start":{"line":15,"column":16},"end":{"line":15,"column":null}},"9":{"start":{"line":17,"column":31},"end":{"line":17,"column":77}},"10":{"start":{"line":18,"column":16},"end":{"line":21,"column":null}},"11":{"start":{"line":19,"column":20},"end":{"line":19,"column":null}},"12":{"start":{"line":21,"column":20},"end":{"line":21,"column":null}},"13":{"start":{"line":25,"column":8},"end":{"line":25,"column":null}},"14":{"start":{"line":31,"column":0},"end":{"line":31,"column":null}}},"fnMap":{"0":{"name":"(anonymous_1)","decl":{"start":{"line":6,"column":4},"end":{"line":6,"column":14}},"loc":{"start":{"line":6,"column":14},"end":{"line":27,"column":5}}}},"branchMap":{"0":{"loc":{"start":{"line":13,"column":12},"end":{"line":22,"column":null}},"type":"if","locations":[{"start":{"line":13,"column":12},"end":{"line":22,"column":null}},{"start":{"line":16,"column":19},"end":{"line":22,"column":null}}]},"1":{"loc":{"start":{"line":18,"column":16},"end":{"line":21,"column":null}},"type":"if","locations":[{"start":{"line":18,"column":16},"end":{"line":21,"column":null}},{"start":{"line":21,"column":20},"end":{"line":21,"column":null}}]}},"s":{"0":1,"1":1,"2":1,"3":1,"4":1,"5":0,"6":0,"7":0,"8":0,"9":0,"10":0,"11":0,"12":0,"13":1,"14":1},"f":{"0":1},"b":{"0":[0,0],"1":[0,0]}}
,"D:\\Programacion\\Typescript\\supercalcu\\src\\Math\\MathIO\\MathInput\\InputFilters\\DeleteParentesisShellFilter.ts": {"path":"D:\\Programacion\\Typescript\\supercalcu\\src\\Math\\MathIO\\MathInput\\InputFilters\\DeleteParentesisShellFilter.ts","statementMap":{"0":{"start":{"line":1,"column":0},"end":{"line":1,"column":51}},"1":{"start":{"line":2,"column":0},"end":{"line":2,"column":32}},"2":{"start":{"line":8,"column":25},"end":{"line":8,"column":45}},"3":{"start":{"line":9,"column":29},"end":{"line":9,"column":52}},"4":{"start":{"line":10,"column":30},"end":{"line":10,"column":94}},"5":{"start":{"line":12,"column":8},"end":{"line":17,"column":null}},"6":{"start":{"line":13,"column":12},"end":{"line":13,"column":null}},"7":{"start":{"line":14,"column":12},"end":{"line":14,"column":null}},"8":{"start":{"line":15,"column":12},"end":{"line":15,"column":null}},"9":{"start":{"line":16,"column":12},"end":{"line":16,"column":null}},"10":{"start":{"line":19,"column":8},"end":{"line":19,"column":null}},"11":{"start":{"line":25,"column":0},"end":{"line":25,"column":null}}},"fnMap":{"0":{"name":"(anonymous_1)","decl":{"start":{"line":6,"column":4},"end":{"line":6,"column":14}},"loc":{"start":{"line":6,"column":14},"end":{"line":21,"column":5}}}},"branchMap":{"0":{"loc":{"start":{"line":12,"column":14},"end":{"line":12,"column":77}},"type":"binary-expr","locations":[{"start":{"line":12,"column":14},"end":{"line":12,"column":33}},{"start":{"line":12,"column":37},"end":{"line":12,"column":77}}]}},"s":{"0":1,"1":1,"2":3,"3":3,"4":3,"5":3,"6":0,"7":0,"8":0,"9":0,"10":3,"11":1},"f":{"0":3},"b":{"0":[3,0]}}
,"D:\\Programacion\\Typescript\\supercalcu\\src\\Math\\MathIO\\MathInput\\InputFilters\\DeleteRepeatedOperatorsFilter.ts": {"path":"D:\\Programacion\\Typescript\\supercalcu\\src\\Math\\MathIO\\MathInput\\InputFilters\\DeleteRepeatedOperatorsFilter.ts","statementMap":{"0":{"start":{"line":1,"column":0},"end":{"line":1,"column":58}},"1":{"start":{"line":2,"column":0},"end":{"line":2,"column":32}},"2":{"start":{"line":9,"column":8},"end":{"line":16,"column":null}},"3":{"start":{"line":11,"column":32},"end":{"line":11,"column":49}},"4":{"start":{"line":13,"column":12},"end":{"line":14,"column":null}},"5":{"start":{"line":14,"column":16},"end":{"line":14,"column":null}},"6":{"start":{"line":18,"column":8},"end":{"line":18,"column":null}},"7":{"start":{"line":24,"column":0},"end":{"line":24,"column":null}}},"fnMap":{"0":{"name":"(anonymous_1)","decl":{"start":{"line":6,"column":4},"end":{"line":6,"column":14}},"loc":{"start":{"line":6,"column":14},"end":{"line":20,"column":5}}},"1":{"name":"(anonymous_2)","decl":{"start":{"line":9,"column":41},"end":{"line":9,"column":49}},"loc":{"start":{"line":9,"column":52},"end":{"line":16,"column":9}}}},"branchMap":{},"s":{"0":1,"1":1,"2":1,"3":5,"4":5,"5":0,"6":1,"7":1},"f":{"0":1,"1":5},"b":{}}
,"D:\\Programacion\\Typescript\\supercalcu\\src\\Math\\MathIO\\MathInput\\InputFilters\\DeleteRepeatedPointFilter.ts": {"path":"D:\\Programacion\\Typescript\\supercalcu\\src\\Math\\MathIO\\MathInput\\InputFilters\\DeleteRepeatedPointFilter.ts","statementMap":{"0":{"start":{"line":1,"column":0},"end":{"line":1,"column":31}},"1":{"start":{"line":7,"column":8},"end":{"line":9,"column":null}},"2":{"start":{"line":8,"column":12},"end":{"line":8,"column":null}},"3":{"start":{"line":11,"column":8},"end":{"line":11,"column":null}},"4":{"start":{"line":17,"column":0},"end":{"line":17,"column":null}}},"fnMap":{"0":{"name":"(anonymous_1)","decl":{"start":{"line":5,"column":4},"end":{"line":5,"column":14}},"loc":{"start":{"line":5,"column":14},"end":{"line":13,"column":5}}}},"branchMap":{},"s":{"0":1,"1":3,"2":0,"3":3,"4":1},"f":{"0":3},"b":{}}
,"D:\\Programacion\\Typescript\\supercalcu\\src\\Math\\MathIO\\MathInput\\InputFilters\\DeleteSpacesFilter.ts": {"path":"D:\\Programacion\\Typescript\\supercalcu\\src\\Math\\MathIO\\MathInput\\InputFilters\\DeleteSpacesFilter.ts","statementMap":{"0":{"start":{"line":1,"column":0},"end":{"line":1,"column":32}},"1":{"start":{"line":6,"column":8},"end":{"line":6,"column":null}},"2":{"start":{"line":11,"column":0},"end":{"line":11,"column":null}}},"fnMap":{"0":{"name":"(anonymous_1)","decl":{"start":{"line":5,"column":4},"end":{"line":5,"column":14}},"loc":{"start":{"line":5,"column":14},"end":{"line":7,"column":5}}}},"branchMap":{},"s":{"0":1,"1":1,"2":1},"f":{"0":1},"b":{}}
,"D:\\Programacion\\Typescript\\supercalcu\\src\\Math\\MathIO\\MathInput\\InputFilters\\FilterManager.ts": {"path":"D:\\Programacion\\Typescript\\supercalcu\\src\\Math\\MathIO\\MathInput\\InputFilters\\FilterManager.ts","statementMap":{"0":{"start":{"line":3,"column":16},"end":{"line":19,"column":null}},"1":{"start":{"line":7,"column":31},"end":{"line":7,"column":34}},"2":{"start":{"line":9,"column":8},"end":{"line":14,"column":null}},"3":{"start":{"line":11,"column":12},"end":{"line":11,"column":null}},"4":{"start":{"line":12,"column":12},"end":{"line":12,"column":null}},"5":{"start":{"line":16,"column":8},"end":{"line":16,"column":null}},"6":{"start":{"line":21,"column":19},"end":{"line":21,"column":32}}},"fnMap":{"0":{"name":"(anonymous_0)","decl":{"start":{"line":5,"column":16},"end":{"line":5,"column":25}},"loc":{"start":{"line":5,"column":56},"end":{"line":17,"column":5}}},"1":{"name":"(anonymous_1)","decl":{"start":{"line":9,"column":25},"end":{"line":9,"column":31}},"loc":{"start":{"line":9,"column":34},"end":{"line":14,"column":9}}}},"branchMap":{},"s":{"0":1,"1":4,"2":4,"3":10,"4":10,"5":4,"6":1},"f":{"0":4,"1":10},"b":{}}
,"D:\\Programacion\\Typescript\\supercalcu\\src\\Math\\MathIO\\MathOutput\\MathResult.ts": {"path":"D:\\Programacion\\Typescript\\supercalcu\\src\\Math\\MathIO\\MathOutput\\MathResult.ts","statementMap":{"0":{"start":{"line":11,"column":8},"end":{"line":11,"column":null}},"1":{"start":{"line":12,"column":8},"end":{"line":12,"column":null}},"2":{"start":{"line":13,"column":8},"end":{"line":13,"column":null}},"3":{"start":{"line":14,"column":8},"end":{"line":14,"column":null}},"4":{"start":{"line":18,"column":8},"end":{"line":18,"column":null}},"5":{"start":{"line":22,"column":8},"end":{"line":22,"column":null}},"6":{"start":{"line":27,"column":0},"end":{"line":27,"column":null}}},"fnMap":{"0":{"name":"(anonymous_0)","decl":{"start":{"line":10,"column":4},"end":{"line":10,"column":16}},"loc":{"start":{"line":10,"column":80},"end":{"line":15,"column":5}}},"1":{"name":"(anonymous_1)","decl":{"start":{"line":17,"column":4},"end":{"line":17,"column":13}},"loc":{"start":{"line":17,"column":13},"end":{"line":19,"column":5}}},"2":{"name":"(anonymous_2)","decl":{"start":{"line":21,"column":4},"end":{"line":21,"column":11}},"loc":{"start":{"line":21,"column":28},"end":{"line":23,"column":5}}}},"branchMap":{"0":{"loc":{"start":{"line":10,"column":52},"end":{"line":10,"column":80}},"type":"default-arg","locations":[{"start":{"line":10,"column":78},"end":{"line":10,"column":80}}]}},"s":{"0":0,"1":0,"2":0,"3":0,"4":0,"5":0,"6":1},"f":{"0":0,"1":0,"2":0},"b":{"0":[0]}}
,"D:\\Programacion\\Typescript\\supercalcu\\src\\Math\\MathIO\\MathOutput\\StepByStep\\ResultStep.ts": {"path":"D:\\Programacion\\Typescript\\supercalcu\\src\\Math\\MathIO\\MathOutput\\StepByStep\\ResultStep.ts","statementMap":{"0":{"start":{"line":6,"column":8},"end":{"line":6,"column":null}},"1":{"start":{"line":11,"column":0},"end":{"line":11,"column":null}}},"fnMap":{"0":{"name":"(anonymous_0)","decl":{"start":{"line":5,"column":4},"end":{"line":5,"column":16}},"loc":{"start":{"line":5,"column":35},"end":{"line":7,"column":5}}}},"branchMap":{},"s":{"0":0,"1":1},"f":{"0":0},"b":{}}
,"D:\\Programacion\\Typescript\\supercalcu\\src\\Math\\MathOperations\\Algebra.ts": {"path":"D:\\Programacion\\Typescript\\supercalcu\\src\\Math\\MathOperations\\Algebra.ts","statementMap":{"0":{"start":{"line":1,"column":0},"end":{"line":1,"column":67}},"1":{"start":{"line":2,"column":0},"end":{"line":2,"column":67}},"2":{"start":{"line":3,"column":0},"end":{"line":3,"column":69}},"3":{"start":{"line":5,"column":0},"end":{"line":5,"column":61}},"4":{"start":{"line":6,"column":0},"end":{"line":6,"column":62}},"5":{"start":{"line":15,"column":8},"end":{"line":16,"column":null}},"6":{"start":{"line":16,"column":12},"end":{"line":16,"column":null}},"7":{"start":{"line":18,"column":8},"end":{"line":18,"column":null}},"8":{"start":{"line":24,"column":8},"end":{"line":26,"column":null}},"9":{"start":{"line":30,"column":8},"end":{"line":44,"column":null}},"10":{"start":{"line":32,"column":12},"end":{"line":34,"column":null}},"11":{"start":{"line":36,"column":12},"end":{"line":36,"column":null}},"12":{"start":{"line":38,"column":12},"end":{"line":40,"column":null}},"13":{"start":{"line":42,"column":12},"end":{"line":42,"column":null}},"14":{"start":{"line":47,"column":8},"end":{"line":49,"column":null}},"15":{"start":{"line":48,"column":12},"end":{"line":48,"column":null}},"16":{"start":{"line":52,"column":8},"end":{"line":52,"column":null}},"17":{"start":{"line":58,"column":8},"end":{"line":60,"column":null}},"18":{"start":{"line":64,"column":8},"end":{"line":77,"column":null}},"19":{"start":{"line":66,"column":12},"end":{"line":68,"column":null}},"20":{"start":{"line":70,"column":12},"end":{"line":70,"column":null}},"21":{"start":{"line":72,"column":12},"end":{"line":74,"column":null}},"22":{"start":{"line":76,"column":12},"end":{"line":76,"column":null}},"23":{"start":{"line":79,"column":8},"end":{"line":88,"column":null}},"24":{"start":{"line":81,"column":12},"end":{"line":81,"column":null}},"25":{"start":{"line":83,"column":12},"end":{"line":85,"column":null}},"26":{"start":{"line":87,"column":12},"end":{"line":87,"column":null}},"27":{"start":{"line":91,"column":8},"end":{"line":91,"column":null}},"28":{"start":{"line":97,"column":8},"end":{"line":99,"column":null}},"29":{"start":{"line":103,"column":8},"end":{"line":113,"column":null}},"30":{"start":{"line":105,"column":12},"end":{"line":107,"column":null}},"31":{"start":{"line":108,"column":12},"end":{"line":108,"column":null}},"32":{"start":{"line":109,"column":12},"end":{"line":111,"column":null}},"33":{"start":{"line":112,"column":12},"end":{"line":112,"column":null}},"34":{"start":{"line":116,"column":8},"end":{"line":122,"column":null}},"35":{"start":{"line":117,"column":12},"end":{"line":117,"column":null}},"36":{"start":{"line":118,"column":12},"end":{"line":120,"column":null}},"37":{"start":{"line":121,"column":12},"end":{"line":121,"column":null}},"38":{"start":{"line":125,"column":8},"end":{"line":125,"column":null}},"39":{"start":{"line":130,"column":8},"end":{"line":132,"column":null}},"40":{"start":{"line":134,"column":8},"end":{"line":145,"column":null}},"41":{"start":{"line":136,"column":12},"end":{"line":138,"column":null}},"42":{"start":{"line":139,"column":12},"end":{"line":139,"column":null}},"43":{"start":{"line":140,"column":12},"end":{"line":140,"column":null}},"44":{"start":{"line":141,"column":12},"end":{"line":143,"column":null}},"45":{"start":{"line":144,"column":12},"end":{"line":144,"column":null}},"46":{"start":{"line":147,"column":8},"end":{"line":149,"column":null}},"47":{"start":{"line":151,"column":8},"end":{"line":151,"column":null}},"48":{"start":{"line":152,"column":8},"end":{"line":152,"column":null}},"49":{"start":{"line":157,"column":8},"end":{"line":159,"column":null}},"50":{"start":{"line":158,"column":12},"end":{"line":158,"column":null}},"51":{"start":{"line":161,"column":8},"end":{"line":161,"column":null}},"52":{"start":{"line":166,"column":0},"end":{"line":166,"column":null}}},"fnMap":{"0":{"name":"(anonymous_1)","decl":{"start":{"line":12,"column":4},"end":{"line":12,"column":26}},"loc":{"start":{"line":12,"column":4},"end":{"line":12,"column":27}}},"1":{"name":"(anonymous_2)","decl":{"start":{"line":14,"column":4},"end":{"line":14,"column":10}},"loc":{"start":{"line":14,"column":24},"end":{"line":20,"column":5}}},"2":{"name":"(anonymous_3)","decl":{"start":{"line":22,"column":4},"end":{"line":22,"column":9}},"loc":{"start":{"line":22,"column":82},"end":{"line":54,"column":5}}},"3":{"name":"(anonymous_4)","decl":{"start":{"line":56,"column":4},"end":{"line":56,"column":7}},"loc":{"start":{"line":56,"column":80},"end":{"line":93,"column":5}}},"4":{"name":"(anonymous_5)","decl":{"start":{"line":95,"column":4},"end":{"line":95,"column":7}},"loc":{"start":{"line":95,"column":80},"end":{"line":127,"column":5}}},"5":{"name":"(anonymous_6)","decl":{"start":{"line":128,"column":4},"end":{"line":128,"column":8}},"loc":{"start":{"line":128,"column":81},"end":{"line":154,"column":5}}},"6":{"name":"(anonymous_7)","decl":{"start":{"line":155,"column":4},"end":{"line":155,"column":7}},"loc":{"start":{"line":155,"column":75},"end":{"line":162,"column":5}}}},"branchMap":{"0":{"loc":{"start":{"line":15,"column":8},"end":{"line":16,"column":null}},"type":"if","locations":[{"start":{"line":15,"column":8},"end":{"line":16,"column":null}}]},"1":{"loc":{"start":{"line":22,"column":56},"end":{"line":22,"column":82}},"type":"default-arg","locations":[{"start":{"line":22,"column":80},"end":{"line":22,"column":82}}]},"2":{"loc":{"start":{"line":30,"column":8},"end":{"line":44,"column":null}},"type":"if","locations":[{"start":{"line":30,"column":8},"end":{"line":44,"column":null}}]},"3":{"loc":{"start":{"line":30,"column":11},"end":{"line":30,"column":69}},"type":"binary-expr","locations":[{"start":{"line":30,"column":11},"end":{"line":30,"column":38}},{"start":{"line":30,"column":42},"end":{"line":30,"column":69}}]},"4":{"loc":{"start":{"line":47,"column":8},"end":{"line":49,"column":null}},"type":"if","locations":[{"start":{"line":47,"column":8},"end":{"line":49,"column":null}}]},"5":{"loc":{"start":{"line":47,"column":11},"end":{"line":47,"column":71}},"type":"binary-expr","locations":[{"start":{"line":47,"column":11},"end":{"line":47,"column":39}},{"start":{"line":47,"column":43},"end":{"line":47,"column":71}}]},"6":{"loc":{"start":{"line":56,"column":54},"end":{"line":56,"column":80}},"type":"default-arg","locations":[{"start":{"line":56,"column":78},"end":{"line":56,"column":80}}]},"7":{"loc":{"start":{"line":64,"column":8},"end":{"line":77,"column":null}},"type":"if","locations":[{"start":{"line":64,"column":8},"end":{"line":77,"column":null}}]},"8":{"loc":{"start":{"line":64,"column":11},"end":{"line":64,"column":69}},"type":"binary-expr","locations":[{"start":{"line":64,"column":11},"end":{"line":64,"column":38}},{"start":{"line":64,"column":42},"end":{"line":64,"column":69}}]},"9":{"loc":{"start":{"line":79,"column":8},"end":{"line":88,"column":null}},"type":"if","locations":[{"start":{"line":79,"column":8},"end":{"line":88,"column":null}}]},"10":{"loc":{"start":{"line":79,"column":11},"end":{"line":79,"column":71}},"type":"binary-expr","locations":[{"start":{"line":79,"column":11},"end":{"line":79,"column":39}},{"start":{"line":79,"column":43},"end":{"line":79,"column":71}}]},"11":{"loc":{"start":{"line":95,"column":54},"end":{"line":95,"column":80}},"type":"default-arg","locations":[{"start":{"line":95,"column":78},"end":{"line":95,"column":80}}]},"12":{"loc":{"start":{"line":103,"column":8},"end":{"line":113,"column":null}},"type":"if","locations":[{"start":{"line":103,"column":8},"end":{"line":113,"column":null}}]},"13":{"loc":{"start":{"line":103,"column":11},"end":{"line":103,"column":69}},"type":"binary-expr","locations":[{"start":{"line":103,"column":11},"end":{"line":103,"column":38}},{"start":{"line":103,"column":42},"end":{"line":103,"column":69}}]},"14":{"loc":{"start":{"line":116,"column":8},"end":{"line":122,"column":null}},"type":"if","locations":[{"start":{"line":116,"column":8},"end":{"line":122,"column":null}}]},"15":{"loc":{"start":{"line":116,"column":11},"end":{"line":116,"column":71}},"type":"binary-expr","locations":[{"start":{"line":116,"column":11},"end":{"line":116,"column":39}},{"start":{"line":116,"column":43},"end":{"line":116,"column":71}}]},"16":{"loc":{"start":{"line":128,"column":55},"end":{"line":128,"column":81}},"type":"default-arg","locations":[{"start":{"line":128,"column":79},"end":{"line":128,"column":81}}]},"17":{"loc":{"start":{"line":134,"column":8},"end":{"line":145,"column":null}},"type":"if","locations":[{"start":{"line":134,"column":8},"end":{"line":145,"column":null}}]},"18":{"loc":{"start":{"line":134,"column":11},"end":{"line":134,"column":69}},"type":"binary-expr","locations":[{"start":{"line":134,"column":11},"end":{"line":134,"column":38}},{"start":{"line":134,"column":42},"end":{"line":134,"column":69}}]},"19":{"loc":{"start":{"line":155,"column":49},"end":{"line":155,"column":75}},"type":"default-arg","locations":[{"start":{"line":155,"column":73},"end":{"line":155,"column":75}}]},"20":{"loc":{"start":{"line":157,"column":8},"end":{"line":159,"column":null}},"type":"if","locations":[{"start":{"line":157,"column":8},"end":{"line":159,"column":null}}]}},"s":{"0":1,"1":1,"2":1,"3":1,"4":1,"5":0,"6":0,"7":0,"8":0,"9":0,"10":0,"11":0,"12":0,"13":0,"14":0,"15":0,"16":0,"17":0,"18":0,"19":0,"20":0,"21":0,"22":0,"23":0,"24":0,"25":0,"26":0,"27":0,"28":0,"29":0,"30":0,"31":0,"32":0,"33":0,"34":0,"35":0,"36":0,"37":0,"38":0,"39":0,"40":0,"41":0,"42":0,"43":0,"44":0,"45":0,"46":0,"47":0,"48":0,"49":0,"50":0,"51":0,"52":1},"f":{"0":0,"1":0,"2":0,"3":0,"4":0,"5":0,"6":0},"b":{"0":[0],"1":[0],"2":[0],"3":[0,0],"4":[0],"5":[0,0],"6":[0],"7":[0],"8":[0,0],"9":[0],"10":[0,0],"11":[0],"12":[0],"13":[0,0],"14":[0],"15":[0,0],"16":[0],"17":[0],"18":[0,0],"19":[0],"20":[0]}}
,"D:\\Programacion\\Typescript\\supercalcu\\src\\Math\\MathOperations\\Algebra\\FractionOperations.ts": {"path":"D:\\Programacion\\Typescript\\supercalcu\\src\\Math\\MathOperations\\Algebra\\FractionOperations.ts","statementMap":{"0":{"start":{"line":3,"column":0},"end":{"line":3,"column":48}},"1":{"start":{"line":4,"column":0},"end":{"line":4,"column":52}},"2":{"start":{"line":5,"column":0},"end":{"line":5,"column":48}},"3":{"start":{"line":11,"column":21},"end":{"line":11,"column":62}},"4":{"start":{"line":12,"column":8},"end":{"line":12,"column":null}},"5":{"start":{"line":17,"column":21},"end":{"line":17,"column":64}},"6":{"start":{"line":18,"column":8},"end":{"line":18,"column":null}},"7":{"start":{"line":24,"column":21},"end":{"line":24,"column":62}},"8":{"start":{"line":25,"column":8},"end":{"line":25,"column":null}},"9":{"start":{"line":31,"column":0},"end":{"line":31,"column":null}}},"fnMap":{"0":{"name":"(anonymous_1)","decl":{"start":{"line":9,"column":4},"end":{"line":9,"column":10}},"loc":{"start":{"line":9,"column":73},"end":{"line":13,"column":5}}},"1":{"name":"(anonymous_2)","decl":{"start":{"line":15,"column":4},"end":{"line":15,"column":10}},"loc":{"start":{"line":15,"column":75},"end":{"line":20,"column":5}}},"2":{"name":"(anonymous_3)","decl":{"start":{"line":22,"column":4},"end":{"line":22,"column":10}},"loc":{"start":{"line":22,"column":73},"end":{"line":27,"column":5}}}},"branchMap":{"0":{"loc":{"start":{"line":9,"column":47},"end":{"line":9,"column":73}},"type":"default-arg","locations":[{"start":{"line":9,"column":71},"end":{"line":9,"column":73}}]},"1":{"loc":{"start":{"line":15,"column":49},"end":{"line":15,"column":75}},"type":"default-arg","locations":[{"start":{"line":15,"column":73},"end":{"line":15,"column":75}}]},"2":{"loc":{"start":{"line":22,"column":47},"end":{"line":22,"column":73}},"type":"default-arg","locations":[{"start":{"line":22,"column":71},"end":{"line":22,"column":73}}]}},"s":{"0":1,"1":1,"2":1,"3":0,"4":0,"5":0,"6":0,"7":0,"8":0,"9":1},"f":{"0":0,"1":0,"2":0},"b":{"0":[0],"1":[0],"2":[0]}}
,"D:\\Programacion\\Typescript\\supercalcu\\src\\Math\\MathOperations\\Algebra\\MonomioOperations.ts": {"path":"D:\\Programacion\\Typescript\\supercalcu\\src\\Math\\MathOperations\\Algebra\\MonomioOperations.ts","statementMap":{"0":{"start":{"line":5,"column":0},"end":{"line":5,"column":46}},"1":{"start":{"line":6,"column":0},"end":{"line":6,"column":50}},"2":{"start":{"line":7,"column":0},"end":{"line":7,"column":46}},"3":{"start":{"line":13,"column":21},"end":{"line":13,"column":61}},"4":{"start":{"line":14,"column":8},"end":{"line":14,"column":null}},"5":{"start":{"line":19,"column":8},"end":{"line":19,"column":null}},"6":{"start":{"line":20,"column":21},"end":{"line":20,"column":68}},"7":{"start":{"line":21,"column":8},"end":{"line":22,"column":null}},"8":{"start":{"line":22,"column":12},"end":{"line":22,"column":null}},"9":{"start":{"line":24,"column":8},"end":{"line":24,"column":null}},"10":{"start":{"line":29,"column":21},"end":{"line":29,"column":63}},"11":{"start":{"line":30,"column":8},"end":{"line":30,"column":null}},"12":{"start":{"line":36,"column":21},"end":{"line":36,"column":61}},"13":{"start":{"line":37,"column":8},"end":{"line":37,"column":null}},"14":{"start":{"line":38,"column":8},"end":{"line":38,"column":null}},"15":{"start":{"line":69,"column":0},"end":{"line":69,"column":null}}},"fnMap":{"0":{"name":"(anonymous_1)","decl":{"start":{"line":11,"column":4},"end":{"line":11,"column":10}},"loc":{"start":{"line":11,"column":74},"end":{"line":16,"column":5}}},"1":{"name":"(anonymous_2)","decl":{"start":{"line":18,"column":4},"end":{"line":18,"column":10}},"loc":{"start":{"line":18,"column":74},"end":{"line":25,"column":5}}},"2":{"name":"(anonymous_3)","decl":{"start":{"line":27,"column":4},"end":{"line":27,"column":10}},"loc":{"start":{"line":27,"column":76},"end":{"line":32,"column":5}}},"3":{"name":"(anonymous_4)","decl":{"start":{"line":34,"column":4},"end":{"line":34,"column":10}},"loc":{"start":{"line":34,"column":100},"end":{"line":40,"column":5}}}},"branchMap":{"0":{"loc":{"start":{"line":11,"column":45},"end":{"line":11,"column":74}},"type":"default-arg","locations":[{"start":{"line":11,"column":72},"end":{"line":11,"column":74}}]},"1":{"loc":{"start":{"line":18,"column":45},"end":{"line":18,"column":74}},"type":"default-arg","locations":[{"start":{"line":18,"column":72},"end":{"line":18,"column":74}}]},"2":{"loc":{"start":{"line":21,"column":8},"end":{"line":22,"column":null}},"type":"if","locations":[{"start":{"line":21,"column":8},"end":{"line":22,"column":null}}]},"3":{"loc":{"start":{"line":27,"column":47},"end":{"line":27,"column":76}},"type":"default-arg","locations":[{"start":{"line":27,"column":74},"end":{"line":27,"column":76}}]},"4":{"loc":{"start":{"line":34,"column":45},"end":{"line":34,"column":69}},"type":"default-arg","locations":[{"start":{"line":34,"column":64},"end":{"line":34,"column":69}}]},"5":{"loc":{"start":{"line":34,"column":71},"end":{"line":34,"column":100}},"type":"default-arg","locations":[{"start":{"line":34,"column":98},"end":{"line":34,"column":100}}]}},"s":{"0":2,"1":2,"2":2,"3":0,"4":0,"5":0,"6":0,"7":0,"8":0,"9":0,"10":0,"11":0,"12":0,"13":0,"14":0,"15":2},"f":{"0":0,"1":0,"2":0,"3":0},"b":{"0":[0],"1":[0],"2":[0],"3":[0],"4":[0],"5":[0]}}
,"D:\\Programacion\\Typescript\\supercalcu\\src\\Math\\MathOperations\\Algebra\\PolinomioOperations.ts": {"path":"D:\\Programacion\\Typescript\\supercalcu\\src\\Math\\MathOperations\\Algebra\\PolinomioOperations.ts","statementMap":{"0":{"start":{"line":5,"column":0},"end":{"line":5,"column":51}},"1":{"start":{"line":6,"column":0},"end":{"line":6,"column":55}},"2":{"start":{"line":7,"column":0},"end":{"line":7,"column":51}},"3":{"start":{"line":8,"column":0},"end":{"line":8,"column":51}},"4":{"start":{"line":14,"column":21},"end":{"line":14,"column":63}},"5":{"start":{"line":15,"column":8},"end":{"line":15,"column":null}},"6":{"start":{"line":21,"column":8},"end":{"line":21,"column":null}},"7":{"start":{"line":23,"column":20},"end":{"line":23,"column":56}},"8":{"start":{"line":24,"column":8},"end":{"line":24,"column":null}},"9":{"start":{"line":29,"column":21},"end":{"line":29,"column":65}},"10":{"start":{"line":30,"column":8},"end":{"line":30,"column":null}},"11":{"start":{"line":36,"column":21},"end":{"line":36,"column":63}},"12":{"start":{"line":37,"column":8},"end":{"line":37,"column":null}},"13":{"start":{"line":43,"column":21},"end":{"line":43,"column":63}},"14":{"start":{"line":44,"column":8},"end":{"line":44,"column":null}},"15":{"start":{"line":50,"column":0},"end":{"line":50,"column":null}}},"fnMap":{"0":{"name":"(anonymous_1)","decl":{"start":{"line":12,"column":4},"end":{"line":12,"column":10}},"loc":{"start":{"line":12,"column":75},"end":{"line":17,"column":5}}},"1":{"name":"(anonymous_2)","decl":{"start":{"line":19,"column":4},"end":{"line":19,"column":10}},"loc":{"start":{"line":19,"column":76},"end":{"line":25,"column":5}}},"2":{"name":"(anonymous_3)","decl":{"start":{"line":27,"column":4},"end":{"line":27,"column":10}},"loc":{"start":{"line":27,"column":77},"end":{"line":32,"column":5}}},"3":{"name":"(anonymous_4)","decl":{"start":{"line":34,"column":4},"end":{"line":34,"column":10}},"loc":{"start":{"line":34,"column":75},"end":{"line":39,"column":5}}},"4":{"name":"(anonymous_5)","decl":{"start":{"line":41,"column":4},"end":{"line":41,"column":10}},"loc":{"start":{"line":41,"column":75},"end":{"line":46,"column":5}}}},"branchMap":{"0":{"loc":{"start":{"line":12,"column":49},"end":{"line":12,"column":75}},"type":"default-arg","locations":[{"start":{"line":12,"column":73},"end":{"line":12,"column":75}}]},"1":{"loc":{"start":{"line":19,"column":50},"end":{"line":19,"column":76}},"type":"default-arg","locations":[{"start":{"line":19,"column":74},"end":{"line":19,"column":76}}]},"2":{"loc":{"start":{"line":27,"column":51},"end":{"line":27,"column":77}},"type":"default-arg","locations":[{"start":{"line":27,"column":75},"end":{"line":27,"column":77}}]},"3":{"loc":{"start":{"line":34,"column":49},"end":{"line":34,"column":75}},"type":"default-arg","locations":[{"start":{"line":34,"column":73},"end":{"line":34,"column":75}}]},"4":{"loc":{"start":{"line":41,"column":49},"end":{"line":41,"column":75}},"type":"default-arg","locations":[{"start":{"line":41,"column":73},"end":{"line":41,"column":75}}]}},"s":{"0":1,"1":1,"2":1,"3":1,"4":0,"5":0,"6":0,"7":0,"8":0,"9":0,"10":0,"11":0,"12":0,"13":0,"14":0,"15":1},"f":{"0":0,"1":0,"2":0,"3":0,"4":0},"b":{"0":[0],"1":[0],"2":[0],"3":[0],"4":[0]}}
,"D:\\Programacion\\Typescript\\supercalcu\\src\\Math\\MathOperations\\Algebra\\Fraction\\FractionDiv.ts": {"path":"D:\\Programacion\\Typescript\\supercalcu\\src\\Math\\MathOperations\\Algebra\\Fraction\\FractionDiv.ts","statementMap":{"0":{"start":{"line":1,"column":0},"end":{"line":1,"column":74}},"1":{"start":{"line":2,"column":0},"end":{"line":2,"column":74}},"2":{"start":{"line":5,"column":0},"end":{"line":5,"column":56}},"3":{"start":{"line":14,"column":8},"end":{"line":14,"column":null}},"4":{"start":{"line":15,"column":8},"end":{"line":15,"column":null}},"5":{"start":{"line":16,"column":8},"end":{"line":16,"column":null}},"6":{"start":{"line":21,"column":8},"end":{"line":23,"column":null}},"7":{"start":{"line":25,"column":8},"end":{"line":27,"column":null}},"8":{"start":{"line":28,"column":8},"end":{"line":30,"column":null}},"9":{"start":{"line":31,"column":24},"end":{"line":31,"column":100}},"10":{"start":{"line":32,"column":26},"end":{"line":32,"column":100}},"11":{"start":{"line":34,"column":8},"end":{"line":36,"column":null}},"12":{"start":{"line":38,"column":29},"end":{"line":38,"column":65}},"13":{"start":{"line":39,"column":8},"end":{"line":41,"column":null}},"14":{"start":{"line":43,"column":8},"end":{"line":43,"column":null}},"15":{"start":{"line":49,"column":0},"end":{"line":49,"column":null}}},"fnMap":{"0":{"name":"(anonymous_1)","decl":{"start":{"line":13,"column":4},"end":{"line":13,"column":16}},"loc":{"start":{"line":13,"column":80},"end":{"line":17,"column":5}}},"1":{"name":"(anonymous_2)","decl":{"start":{"line":19,"column":4},"end":{"line":19,"column":11}},"loc":{"start":{"line":19,"column":11},"end":{"line":45,"column":5}}}},"branchMap":{"0":{"loc":{"start":{"line":13,"column":52},"end":{"line":13,"column":80}},"type":"default-arg","locations":[{"start":{"line":13,"column":78},"end":{"line":13,"column":80}}]}},"s":{"0":1,"1":1,"2":1,"3":0,"4":0,"5":0,"6":0,"7":0,"8":0,"9":0,"10":0,"11":0,"12":0,"13":0,"14":0,"15":1},"f":{"0":0,"1":0},"b":{"0":[0]}}
,"D:\\Programacion\\Typescript\\supercalcu\\src\\Math\\MathOperations\\Algebra\\Fraction\\FractionMultp.ts": {"path":"D:\\Programacion\\Typescript\\supercalcu\\src\\Math\\MathOperations\\Algebra\\Fraction\\FractionMultp.ts","statementMap":{"0":{"start":{"line":1,"column":0},"end":{"line":1,"column":74}},"1":{"start":{"line":2,"column":0},"end":{"line":2,"column":74}},"2":{"start":{"line":4,"column":0},"end":{"line":4,"column":56}},"3":{"start":{"line":13,"column":8},"end":{"line":13,"column":null}},"4":{"start":{"line":14,"column":8},"end":{"line":14,"column":null}},"5":{"start":{"line":15,"column":8},"end":{"line":15,"column":null}},"6":{"start":{"line":19,"column":7},"end":{"line":21,"column":null}},"7":{"start":{"line":23,"column":7},"end":{"line":25,"column":null}},"8":{"start":{"line":27,"column":24},"end":{"line":27,"column":96}},"9":{"start":{"line":29,"column":7},"end":{"line":31,"column":null}},"10":{"start":{"line":33,"column":26},"end":{"line":33,"column":102}},"11":{"start":{"line":35,"column":7},"end":{"line":37,"column":null}},"12":{"start":{"line":39,"column":29},"end":{"line":39,"column":65}},"13":{"start":{"line":41,"column":7},"end":{"line":43,"column":null}},"14":{"start":{"line":45,"column":8},"end":{"line":45,"column":null}},"15":{"start":{"line":50,"column":0},"end":{"line":50,"column":null}}},"fnMap":{"0":{"name":"(anonymous_1)","decl":{"start":{"line":12,"column":4},"end":{"line":12,"column":16}},"loc":{"start":{"line":12,"column":80},"end":{"line":16,"column":5}}},"1":{"name":"(anonymous_2)","decl":{"start":{"line":18,"column":4},"end":{"line":18,"column":11}},"loc":{"start":{"line":18,"column":11},"end":{"line":46,"column":5}}}},"branchMap":{"0":{"loc":{"start":{"line":12,"column":52},"end":{"line":12,"column":80}},"type":"default-arg","locations":[{"start":{"line":12,"column":78},"end":{"line":12,"column":80}}]}},"s":{"0":1,"1":1,"2":1,"3":0,"4":0,"5":0,"6":0,"7":0,"8":0,"9":0,"10":0,"11":0,"12":0,"13":0,"14":0,"15":1},"f":{"0":0,"1":0},"b":{"0":[0]}}
,"D:\\Programacion\\Typescript\\supercalcu\\src\\Math\\MathOperations\\Algebra\\Fraction\\FractionSum.ts": {"path":"D:\\Programacion\\Typescript\\supercalcu\\src\\Math\\MathOperations\\Algebra\\Fraction\\FractionSum.ts","statementMap":{"0":{"start":{"line":1,"column":0},"end":{"line":1,"column":74}},"1":{"start":{"line":2,"column":0},"end":{"line":2,"column":74}},"2":{"start":{"line":5,"column":0},"end":{"line":5,"column":56}},"3":{"start":{"line":14,"column":8},"end":{"line":14,"column":null}},"4":{"start":{"line":15,"column":8},"end":{"line":15,"column":null}},"5":{"start":{"line":16,"column":8},"end":{"line":16,"column":null}},"6":{"start":{"line":27,"column":12},"end":{"line":29,"column":null}},"7":{"start":{"line":31,"column":12},"end":{"line":33,"column":null}},"8":{"start":{"line":35,"column":28},"end":{"line":35,"column":204}},"9":{"start":{"line":36,"column":12},"end":{"line":38,"column":null}},"10":{"start":{"line":39,"column":12},"end":{"line":41,"column":null}},"11":{"start":{"line":42,"column":30},"end":{"line":42,"column":106}},"12":{"start":{"line":43,"column":12},"end":{"line":45,"column":null}},"13":{"start":{"line":47,"column":12},"end":{"line":49,"column":null}},"14":{"start":{"line":51,"column":33},"end":{"line":51,"column":69}},"15":{"start":{"line":53,"column":12},"end":{"line":55,"column":null}},"16":{"start":{"line":57,"column":12},"end":{"line":57,"column":null}},"17":{"start":{"line":62,"column":0},"end":{"line":62,"column":null}}},"fnMap":{"0":{"name":"(anonymous_1)","decl":{"start":{"line":13,"column":4},"end":{"line":13,"column":16}},"loc":{"start":{"line":13,"column":80},"end":{"line":17,"column":5}}},"1":{"name":"(anonymous_2)","decl":{"start":{"line":19,"column":4},"end":{"line":19,"column":11}},"loc":{"start":{"line":19,"column":11},"end":{"line":58,"column":5}}}},"branchMap":{"0":{"loc":{"start":{"line":13,"column":52},"end":{"line":13,"column":80}},"type":"default-arg","locations":[{"start":{"line":13,"column":78},"end":{"line":13,"column":80}}]}},"s":{"0":1,"1":1,"2":1,"3":0,"4":0,"5":0,"6":0,"7":0,"8":0,"9":0,"10":0,"11":0,"12":0,"13":0,"14":0,"15":0,"16":0,"17":1},"f":{"0":0,"1":0},"b":{"0":[0]}}
,"D:\\Programacion\\Typescript\\supercalcu\\src\\Math\\MathOperations\\Algebra\\Monomio\\MonomioDiv.ts": {"path":"D:\\Programacion\\Typescript\\supercalcu\\src\\Math\\MathOperations\\Algebra\\Monomio\\MonomioDiv.ts","statementMap":{"0":{"start":{"line":2,"column":0},"end":{"line":2,"column":74}},"1":{"start":{"line":3,"column":0},"end":{"line":3,"column":76}},"2":{"start":{"line":5,"column":0},"end":{"line":5,"column":106}},"3":{"start":{"line":6,"column":0},"end":{"line":6,"column":82}},"4":{"start":{"line":8,"column":0},"end":{"line":8,"column":74}},"5":{"start":{"line":16,"column":12},"end":{"line":16,"column":null}},"6":{"start":{"line":19,"column":8},"end":{"line":19,"column":null}},"7":{"start":{"line":20,"column":8},"end":{"line":20,"column":null}},"8":{"start":{"line":21,"column":8},"end":{"line":21,"column":null}},"9":{"start":{"line":25,"column":8},"end":{"line":25,"column":null}},"10":{"start":{"line":30,"column":8},"end":{"line":31,"column":null}},"11":{"start":{"line":31,"column":12},"end":{"line":31,"column":null}},"12":{"start":{"line":33,"column":8},"end":{"line":34,"column":null}},"13":{"start":{"line":34,"column":12},"end":{"line":34,"column":null}},"14":{"start":{"line":36,"column":8},"end":{"line":47,"column":null}},"15":{"start":{"line":37,"column":33},"end":{"line":37,"column":116}},"16":{"start":{"line":38,"column":12},"end":{"line":46,"column":null}},"17":{"start":{"line":39,"column":16},"end":{"line":39,"column":null}},"18":{"start":{"line":41,"column":35},"end":{"line":41,"column":55}},"19":{"start":{"line":42,"column":16},"end":{"line":42,"column":null}},"20":{"start":{"line":43,"column":35},"end":{"line":43,"column":55}},"21":{"start":{"line":44,"column":16},"end":{"line":44,"column":null}},"22":{"start":{"line":45,"column":16},"end":{"line":45,"column":null}},"23":{"start":{"line":49,"column":27},"end":{"line":49,"column":47}},"24":{"start":{"line":50,"column":27},"end":{"line":50,"column":47}},"25":{"start":{"line":51,"column":29},"end":{"line":51,"column":49}},"26":{"start":{"line":52,"column":8},"end":{"line":52,"column":null}},"27":{"start":{"line":53,"column":8},"end":{"line":53,"column":null}},"28":{"start":{"line":54,"column":8},"end":{"line":54,"column":null}},"29":{"start":{"line":55,"column":46},"end":{"line":55,"column":122}},"30":{"start":{"line":55,"column":104},"end":{"line":55,"column":120}},"31":{"start":{"line":56,"column":8},"end":{"line":56,"column":null}},"32":{"start":{"line":57,"column":8},"end":{"line":57,"column":null}},"33":{"start":{"line":58,"column":8},"end":{"line":58,"column":null}},"34":{"start":{"line":59,"column":8},"end":{"line":59,"column":54}},"35":{"start":{"line":61,"column":29},"end":{"line":61,"column":112}},"36":{"start":{"line":62,"column":8},"end":{"line":65,"column":null}},"37":{"start":{"line":63,"column":12},"end":{"line":63,"column":null}},"38":{"start":{"line":64,"column":12},"end":{"line":64,"column":null}},"39":{"start":{"line":67,"column":8},"end":{"line":69,"column":null}},"40":{"start":{"line":68,"column":12},"end":{"line":68,"column":null}},"41":{"start":{"line":71,"column":8},"end":{"line":71,"column":null}},"42":{"start":{"line":77,"column":0},"end":{"line":77,"column":null}}},"fnMap":{"0":{"name":"(anonymous_1)","decl":{"start":{"line":18,"column":4},"end":{"line":18,"column":16}},"loc":{"start":{"line":18,"column":78},"end":{"line":22,"column":5}}},"1":{"name":"(anonymous_2)","decl":{"start":{"line":24,"column":4},"end":{"line":24,"column":15}},"loc":{"start":{"line":24,"column":29},"end":{"line":26,"column":5}}},"2":{"name":"(anonymous_3)","decl":{"start":{"line":28,"column":4},"end":{"line":28,"column":11}},"loc":{"start":{"line":28,"column":11},"end":{"line":73,"column":5}}},"3":{"name":"(anonymous_4)","decl":{"start":{"line":55,"column":92},"end":{"line":55,"column":100}},"loc":{"start":{"line":55,"column":104},"end":{"line":55,"column":120}}}},"branchMap":{"0":{"loc":{"start":{"line":18,"column":50},"end":{"line":18,"column":78}},"type":"default-arg","locations":[{"start":{"line":18,"column":76},"end":{"line":18,"column":78}}]},"1":{"loc":{"start":{"line":30,"column":8},"end":{"line":31,"column":null}},"type":"if","locations":[{"start":{"line":30,"column":8},"end":{"line":31,"column":null}}]},"2":{"loc":{"start":{"line":30,"column":11},"end":{"line":30,"column":87}},"type":"binary-expr","locations":[{"start":{"line":30,"column":11},"end":{"line":30,"column":47}},{"start":{"line":30,"column":51},"end":{"line":30,"column":87}}]},"3":{"loc":{"start":{"line":33,"column":8},"end":{"line":34,"column":null}},"type":"if","locations":[{"start":{"line":33,"column":8},"end":{"line":34,"column":null}}]},"4":{"loc":{"start":{"line":36,"column":8},"end":{"line":47,"column":null}},"type":"if","locations":[{"start":{"line":36,"column":8},"end":{"line":47,"column":null}}]},"5":{"loc":{"start":{"line":38,"column":12},"end":{"line":46,"column":null}},"type":"if","locations":[{"start":{"line":38,"column":12},"end":{"line":46,"column":null}},{"start":{"line":40,"column":19},"end":{"line":46,"column":null}}]},"6":{"loc":{"start":{"line":38,"column":15},"end":{"line":38,"column":61}},"type":"binary-expr","locations":[{"start":{"line":38,"column":15},"end":{"line":38,"column":36}},{"start":{"line":38,"column":40},"end":{"line":38,"column":61}}]},"7":{"loc":{"start":{"line":62,"column":8},"end":{"line":65,"column":null}},"type":"if","locations":[{"start":{"line":62,"column":8},"end":{"line":65,"column":null}}]},"8":{"loc":{"start":{"line":62,"column":11},"end":{"line":62,"column":57}},"type":"binary-expr","locations":[{"start":{"line":62,"column":11},"end":{"line":62,"column":32}},{"start":{"line":62,"column":36},"end":{"line":62,"column":57}}]},"9":{"loc":{"start":{"line":67,"column":8},"end":{"line":69,"column":null}},"type":"if","locations":[{"start":{"line":67,"column":8},"end":{"line":69,"column":null}}]},"10":{"loc":{"start":{"line":67,"column":11},"end":{"line":67,"column":97}},"type":"binary-expr","locations":[{"start":{"line":67,"column":11},"end":{"line":67,"column":47}},{"start":{"line":67,"column":51},"end":{"line":67,"column":97}}]}},"s":{"0":2,"1":2,"2":2,"3":2,"4":2,"5":0,"6":0,"7":0,"8":0,"9":0,"10":0,"11":0,"12":0,"13":0,"14":0,"15":0,"16":0,"17":0,"18":0,"19":0,"20":0,"21":0,"22":0,"23":0,"24":0,"25":0,"26":0,"27":0,"28":0,"29":0,"30":0,"31":0,"32":0,"33":0,"34":0,"35":0,"36":0,"37":0,"38":0,"39":0,"40":0,"41":0,"42":2},"f":{"0":0,"1":0,"2":0,"3":0},"b":{"0":[0],"1":[0],"2":[0,0],"3":[0],"4":[0],"5":[0,0],"6":[0,0],"7":[0],"8":[0,0],"9":[0],"10":[0,0]}}
,"D:\\Programacion\\Typescript\\supercalcu\\src\\Math\\MathOperations\\Algebra\\Monomio\\MonomioMultp.ts": {"path":"D:\\Programacion\\Typescript\\supercalcu\\src\\Math\\MathOperations\\Algebra\\Monomio\\MonomioMultp.ts","statementMap":{"0":{"start":{"line":3,"column":0},"end":{"line":3,"column":106}},"1":{"start":{"line":4,"column":0},"end":{"line":4,"column":74}},"2":{"start":{"line":14,"column":8},"end":{"line":14,"column":null}},"3":{"start":{"line":15,"column":8},"end":{"line":15,"column":null}},"4":{"start":{"line":16,"column":8},"end":{"line":16,"column":null}},"5":{"start":{"line":21,"column":21},"end":{"line":21,"column":34}},"6":{"start":{"line":23,"column":29},"end":{"line":23,"column":112}},"7":{"start":{"line":24,"column":8},"end":{"line":24,"column":null}},"8":{"start":{"line":25,"column":8},"end":{"line":25,"column":null}},"9":{"start":{"line":26,"column":8},"end":{"line":26,"column":null}},"10":{"start":{"line":27,"column":8},"end":{"line":27,"column":null}},"11":{"start":{"line":28,"column":8},"end":{"line":28,"column":null}},"12":{"start":{"line":34,"column":0},"end":{"line":34,"column":null}}},"fnMap":{"0":{"name":"(anonymous_1)","decl":{"start":{"line":13,"column":4},"end":{"line":13,"column":16}},"loc":{"start":{"line":13,"column":78},"end":{"line":17,"column":5}}},"1":{"name":"(anonymous_2)","decl":{"start":{"line":19,"column":4},"end":{"line":19,"column":11}},"loc":{"start":{"line":19,"column":11},"end":{"line":30,"column":5}}}},"branchMap":{"0":{"loc":{"start":{"line":13,"column":50},"end":{"line":13,"column":78}},"type":"default-arg","locations":[{"start":{"line":13,"column":76},"end":{"line":13,"column":78}}]}},"s":{"0":2,"1":2,"2":0,"3":0,"4":0,"5":0,"6":0,"7":0,"8":0,"9":0,"10":0,"11":0,"12":2},"f":{"0":0,"1":0},"b":{"0":[0]}}
,"D:\\Programacion\\Typescript\\supercalcu\\src\\Math\\MathOperations\\Algebra\\Monomio\\MonomioSum.ts": {"path":"D:\\Programacion\\Typescript\\supercalcu\\src\\Math\\MathOperations\\Algebra\\Monomio\\MonomioSum.ts","statementMap":{"0":{"start":{"line":2,"column":0},"end":{"line":2,"column":76}},"1":{"start":{"line":4,"column":0},"end":{"line":4,"column":74}},"2":{"start":{"line":14,"column":8},"end":{"line":14,"column":null}},"3":{"start":{"line":15,"column":8},"end":{"line":15,"column":null}},"4":{"start":{"line":16,"column":8},"end":{"line":16,"column":null}},"5":{"start":{"line":21,"column":19},"end":{"line":21,"column":86}},"6":{"start":{"line":23,"column":8},"end":{"line":29,"column":null}},"7":{"start":{"line":24,"column":12},"end":{"line":24,"column":null}},"8":{"start":{"line":25,"column":12},"end":{"line":25,"column":null}},"9":{"start":{"line":28,"column":12},"end":{"line":28,"column":null}},"10":{"start":{"line":35,"column":0},"end":{"line":35,"column":null}}},"fnMap":{"0":{"name":"(anonymous_1)","decl":{"start":{"line":13,"column":4},"end":{"line":13,"column":16}},"loc":{"start":{"line":13,"column":78},"end":{"line":17,"column":5}}},"1":{"name":"(anonymous_2)","decl":{"start":{"line":19,"column":4},"end":{"line":19,"column":11}},"loc":{"start":{"line":19,"column":11},"end":{"line":31,"column":5}}}},"branchMap":{"0":{"loc":{"start":{"line":13,"column":50},"end":{"line":13,"column":78}},"type":"default-arg","locations":[{"start":{"line":13,"column":76},"end":{"line":13,"column":78}}]},"1":{"loc":{"start":{"line":23,"column":8},"end":{"line":29,"column":null}},"type":"if","locations":[{"start":{"line":23,"column":8},"end":{"line":29,"column":null}},{"start":{"line":27,"column":15},"end":{"line":29,"column":null}}]}},"s":{"0":2,"1":2,"2":0,"3":0,"4":0,"5":0,"6":0,"7":0,"8":0,"9":0,"10":2},"f":{"0":0,"1":0},"b":{"0":[0],"1":[0,0]}}
,"D:\\Programacion\\Typescript\\supercalcu\\src\\Math\\MathOperations\\Algebra\\Polinomio\\PolinomioDiv.ts": {"path":"D:\\Programacion\\Typescript\\supercalcu\\src\\Math\\MathOperations\\Algebra\\Polinomio\\PolinomioDiv.ts","statementMap":{"0":{"start":{"line":2,"column":0},"end":{"line":2,"column":70}},"1":{"start":{"line":3,"column":0},"end":{"line":3,"column":74}},"2":{"start":{"line":4,"column":0},"end":{"line":4,"column":76}},"3":{"start":{"line":5,"column":0},"end":{"line":5,"column":84}},"4":{"start":{"line":6,"column":0},"end":{"line":6,"column":74}},"5":{"start":{"line":8,"column":0},"end":{"line":8,"column":53}},"6":{"start":{"line":9,"column":0},"end":{"line":9,"column":56}},"7":{"start":{"line":18,"column":8},"end":{"line":18,"column":null}},"8":{"start":{"line":19,"column":8},"end":{"line":19,"column":null}},"9":{"start":{"line":20,"column":8},"end":{"line":20,"column":null}},"10":{"start":{"line":25,"column":8},"end":{"line":31,"column":null}},"11":{"start":{"line":26,"column":42},"end":{"line":26,"column":115}},"12":{"start":{"line":27,"column":12},"end":{"line":30,"column":null}},"13":{"start":{"line":28,"column":16},"end":{"line":28,"column":null}},"14":{"start":{"line":30,"column":16},"end":{"line":30,"column":null}},"15":{"start":{"line":33,"column":8},"end":{"line":35,"column":null}},"16":{"start":{"line":34,"column":12},"end":{"line":34,"column":null}},"17":{"start":{"line":37,"column":37},"end":{"line":37,"column":57}},"18":{"start":{"line":38,"column":37},"end":{"line":38,"column":57}},"19":{"start":{"line":39,"column":37},"end":{"line":39,"column":63}},"20":{"start":{"line":41,"column":8},"end":{"line":72,"column":null}},"21":{"start":{"line":43,"column":12},"end":{"line":43,"column":null}},"22":{"start":{"line":45,"column":12},"end":{"line":71,"column":null}},"23":{"start":{"line":47,"column":16},"end":{"line":48,"column":null}},"24":{"start":{"line":48,"column":20},"end":{"line":48,"column":null}},"25":{"start":{"line":50,"column":37},"end":{"line":50,"column":69}},"26":{"start":{"line":51,"column":37},"end":{"line":51,"column":69}},"27":{"start":{"line":53,"column":16},"end":{"line":69,"column":null}},"28":{"start":{"line":55,"column":20},"end":{"line":67,"column":null}},"29":{"start":{"line":56,"column":51},"end":{"line":56,"column":63}},"30":{"start":{"line":57,"column":61},"end":{"line":57,"column":104}},"31":{"start":{"line":58,"column":24},"end":{"line":66,"column":null}},"32":{"start":{"line":59,"column":64},"end":{"line":59,"column":134}},"33":{"start":{"line":60,"column":28},"end":{"line":60,"column":null}},"34":{"start":{"line":61,"column":55},"end":{"line":61,"column":112}},"35":{"start":{"line":62,"column":28},"end":{"line":62,"column":null}},"36":{"start":{"line":63,"column":28},"end":{"line":63,"column":null}},"37":{"start":{"line":64,"column":28},"end":{"line":64,"column":null}},"38":{"start":{"line":65,"column":28},"end":{"line":65,"column":null}},"39":{"start":{"line":75,"column":8},"end":{"line":75,"column":null}},"40":{"start":{"line":81,"column":0},"end":{"line":81,"column":null}}},"fnMap":{"0":{"name":"(anonymous_1)","decl":{"start":{"line":17,"column":4},"end":{"line":17,"column":16}},"loc":{"start":{"line":17,"column":82},"end":{"line":21,"column":5}}},"1":{"name":"(anonymous_2)","decl":{"start":{"line":23,"column":4},"end":{"line":23,"column":11}},"loc":{"start":{"line":23,"column":11},"end":{"line":77,"column":5}}}},"branchMap":{"0":{"loc":{"start":{"line":17,"column":54},"end":{"line":17,"column":82}},"type":"default-arg","locations":[{"start":{"line":17,"column":80},"end":{"line":17,"column":82}}]},"1":{"loc":{"start":{"line":25,"column":8},"end":{"line":31,"column":null}},"type":"if","locations":[{"start":{"line":25,"column":8},"end":{"line":31,"column":null}}]},"2":{"loc":{"start":{"line":25,"column":11},"end":{"line":25,"column":81}},"type":"binary-expr","locations":[{"start":{"line":25,"column":11},"end":{"line":25,"column":44}},{"start":{"line":25,"column":48},"end":{"line":25,"column":81}}]},"3":{"loc":{"start":{"line":27,"column":12},"end":{"line":30,"column":null}},"type":"if","locations":[{"start":{"line":27,"column":12},"end":{"line":30,"column":null}},{"start":{"line":30,"column":16},"end":{"line":30,"column":null}}]},"4":{"loc":{"start":{"line":33,"column":8},"end":{"line":35,"column":null}},"type":"if","locations":[{"start":{"line":33,"column":8},"end":{"line":35,"column":null}}]},"5":{"loc":{"start":{"line":33,"column":11},"end":{"line":33,"column":81}},"type":"binary-expr","locations":[{"start":{"line":33,"column":11},"end":{"line":33,"column":44}},{"start":{"line":33,"column":48},"end":{"line":33
[...]
ous_8)","decl":{"start":{"line":82,"column":31},"end":{"line":82,"column":37}},"loc":{"start":{"line":82,"column":40},"end":{"line":96,"column":9}}},"8":{"name":"(anonymous_9)","decl":{"start":{"line":102,"column":4},"end":{"line":102,"column":26}},"loc":{"start":{"line":102,"column":26},"end":{"line":108,"column":5}}},"9":{"name":"(anonymous_10)","decl":{"start":{"line":104,"column":31},"end":{"line":104,"column":39}},"loc":{"start":{"line":104,"column":42},"end":{"line":106,"column":9}}},"10":{"name":"(anonymous_11)","decl":{"start":{"line":110,"column":4},"end":{"line":110,"column":11}},"loc":{"start":{"line":110,"column":27},"end":{"line":135,"column":5}}},"11":{"name":"(anonymous_12)","decl":{"start":{"line":118,"column":35},"end":{"line":118,"column":43}},"loc":{"start":{"line":118,"column":46},"end":{"line":127,"column":13}}},"12":{"name":"(anonymous_13)","decl":{"start":{"line":137,"column":4},"end":{"line":137,"column":9}},"loc":{"start":{"line":137,"column":9},"end":{"line":143,"column":5}}},"13":{"name":"(anonymous_14)","decl":{"start":{"line":139,"column":31},"end":{"line":139,"column":39}},"loc":{"start":{"line":139,"column":42},"end":{"line":141,"column":9}}},"14":{"name":"(anonymous_15)","decl":{"start":{"line":145,"column":4},"end":{"line":145,"column":9}},"loc":{"start":{"line":145,"column":9},"end":{"line":152,"column":5}}},"15":{"name":"(anonymous_16)","decl":{"start":{"line":148,"column":31},"end":{"line":148,"column":39}},"loc":{"start":{"line":148,"column":42},"end":{"line":150,"column":9}}}},"branchMap":{"0":{"loc":{"start":{"line":7,"column":16},"end":{"line":7,"column":41}},"type":"default-arg","locations":[{"start":{"line":7,"column":39},"end":{"line":7,"column":41}}]},"1":{"loc":{"start":{"line":11,"column":35},"end":{"line":11,"column":57}},"type":"default-arg","locations":[{"start":{"line":11,"column":52},"end":{"line":11,"column":57}}]},"2":{"loc":{"start":{"line":13,"column":8},"end":{"line":14,"column":null}},"type":"if","locations":[{"start":{"line":13,"column":8},"end":{"line":14,"column":null}}]},"3":{"loc":{"start":{"line":21,"column":8},"end":{"line":22,"column":null}},"type":"if","locations":[{"start":{"line":21,"column":8},"end":{"line":22,"column":null}}]},"4":{"loc":{"start":{"line":36,"column":16},"end":{"line":46,"column":null}},"type":"if","locations":[{"start":{"line":36,"column":16},"end":{"line":46,"column":null}}]},"5":{"loc":{"start":{"line":38,"column":20},"end":{"line":44,"column":null}},"type":"if","locations":[{"start":{"line":38,"column":20},"end":{"line":44,"column":null}},{"start":{"line":42,"column":27},"end":{"line":44,"column":null}}]},"6":{"loc":{"start":{"line":54,"column":35},"end":{"line":54,"column":50}},"type":"default-arg","locations":[{"start":{"line":54,"column":45},"end":{"line":54,"column":50}}]},"7":{"loc":{"start":{"line":60,"column":12},"end":{"line":70,"column":null}},"type":"if","locations":[{"start":{"line":60,"column":12},"end":{"line":70,"column":null}},{"start":{"line":65,"column":19},"end":{"line":70,"column":null}}]},"8":{"loc":{"start":{"line":62,"column":16},"end":{"line":63,"column":null}},"type":"if","locations":[{"start":{"line":62,"column":16},"end":{"line":63,"column":null}}]},"9":{"loc":{"start":{"line":67,"column":16},"end":{"line":68,"column":null}},"type":"if","locations":[{"start":{"line":67,"column":16},"end":{"line":68,"column":null}}]},"10":{"loc":{"start":{"line":78,"column":35},"end":{"line":78,"column":50}},"type":"default-arg","locations":[{"start":{"line":78,"column":45},"end":{"line":78,"column":50}}]},"11":{"loc":{"start":{"line":84,"column":12},"end":{"line":94,"column":null}},"type":"if","locations":[{"start":{"line":84,"column":12},"end":{"line":94,"column":null}},{"start":{"line":89,"column":19},"end":{"line":94,"column":null}}]},"12":{"loc":{"start":{"line":86,"column":16},"end":{"line":87,"column":null}},"type":"if","locations":[{"start":{"line":86,"column":16},"end":{"line":87,"column":null}}]},"13":{"loc":{"start":{"line":91,"column":16},"end":{"line":92,"column":null}},"type":"if","locations":[{"start":{"line":91,"column":16},"end":{"line":92,"column":null}}]},"14":{"loc":{"start":{"line":115,"column":8},"end":{"line":131,"column":null}},"type":"if","locations":[{"start":{"line":115,"column":8},"end":{"line":131,"column":null}}]},"15":{"loc":{"start":{"line":122,"column":16},"end":{"line":124,"column":null}},"type":"if","locations":[{"start":{"line":122,"column":16},"end":{"line":124,"column":null}}]}},"s":{"0":2,"1":10,"2":5,"3":5,"4":0,"5":0,"6":0,"7":0,"8":0,"9":0,"10":0,"11":0,"12":0,"13":0,"14":0,"15":0,"16":0,"17":0,"18":0,"19":0,"20":0,"21":0,"22":0,"23":0,"24":0,"25":0,"26":0,"27":0,"28":0,"29":0,"30":0,"31":0,"32":0,"33":0,"34":0,"35":0,"36":0,"37":0,"38":0,"39":0,"40":0,"41":0,"42":0,"43":0,"44":0,"45":0,"46":0,"47":0,"48":0,"49":0,"50":6,"51":6,"52":8,"53":6,"54":0,"55":0,"56":0,"57":0,"58":2},"f":{"0":10,"1":5,"2":0,"3":0,"4":0,"5":0,"6":0,"7":0,"8":0,"9":0,"10":0,"11":0,"12":6,"13":8,"14":0,"15":0},"b":{"0":[6],"1":[5],"2":[0],"3":[0],"4":[0],"5":[0,0],"6":[0],"7":[0,0],"8":[0],"9":[0],"10":[0],"11":[0,0],"12":[0],"13":[0],"14":[0],"15":[0]}}
,"D:\\Programacion\\Typescript\\supercalcu\\src\\Math\\MathStructures\\PrimitiveStructures\\Literal\\Variable.ts": {"path":"D:\\Programacion\\Typescript\\supercalcu\\src\\Math\\MathStructures\\PrimitiveStructures\\Literal\\Variable.ts","statementMap":{"0":{"start":{"line":7,"column":8},"end":{"line":7,"column":null}},"1":{"start":{"line":8,"column":8},"end":{"line":8,"column":null}},"2":{"start":{"line":12,"column":8},"end":{"line":12,"column":null}},"3":{"start":{"line":16,"column":8},"end":{"line":16,"column":null}},"4":{"start":{"line":21,"column":8},"end":{"line":21,"column":null}},"5":{"start":{"line":26,"column":8},"end":{"line":26,"column":null}},"6":{"start":{"line":31,"column":8},"end":{"line":38,"column":null}},"7":{"start":{"line":32,"column":12},"end":{"line":32,"column":null}},"8":{"start":{"line":33,"column":14},"end":{"line":38,"column":null}},"9":{"start":{"line":34,"column":12},"end":{"line":34,"column":null}},"10":{"start":{"line":35,"column":12},"end":{"line":35,"column":null}},"11":{"start":{"line":37,"column":12},"end":{"line":37,"column":null}},"12":{"start":{"line":44,"column":23},"end":{"line":44,"column":58}},"13":{"start":{"line":45,"column":8},"end":{"line":45,"column":null}},"14":{"start":{"line":51,"column":0},"end":{"line":51,"column":null}}},"fnMap":{"0":{"name":"(anonymous_0)","decl":{"start":{"line":6,"column":4},"end":{"line":6,"column":16}},"loc":{"start":{"line":6,"column":41},"end":{"line":9,"column":5}}},"1":{"name":"(anonymous_1)","decl":{"start":{"line":11,"column":4},"end":{"line":11,"column":17}},"loc":{"start":{"line":11,"column":31},"end":{"line":13,"column":5}}},"2":{"name":"(anonymous_2)","decl":{"start":{"line":15,"column":4},"end":{"line":15,"column":11}},"loc":{"start":{"line":15,"column":29},"end":{"line":17,"column":5}}},"3":{"name":"(anonymous_3)","decl":{"start":{"line":19,"column":4},"end":{"line":19,"column":10}},"loc":{"start":{"line":19,"column":21},"end":{"line":23,"column":5}}},"4":{"name":"(anonymous_4)","decl":{"start":{"line":25,"column":4},"end":{"line":25,"column":17}},"loc":{"start":{"line":25,"column":17},"end":{"line":27,"column":5}}},"5":{"name":"(anonymous_5)","decl":{"start":{"line":29,"column":4},"end":{"line":29,"column":9}},"loc":{"start":{"line":29,"column":9},"end":{"line":40,"column":5}}},"6":{"name":"(anonymous_6)","decl":{"start":{"line":42,"column":4},"end":{"line":42,"column":9}},"loc":{"start":{"line":42,"column":9},"end":{"line":47,"column":5}}}},"branchMap":{"0":{"loc":{"start":{"line":16,"column":16},"end":{"line":16,"column":79}},"type":"binary-expr","locations":[{"start":{"line":16,"column":16},"end":{"line":16,"column":51}},{"start":{"line":16,"column":55},"end":{"line":16,"column":79}}]},"1":{"loc":{"start":{"line":31,"column":8},"end":{"line":38,"column":null}},"type":"if","locations":[{"start":{"line":31,"column":8},"end":{"line":38,"column":null}},{"start":{"line":33,"column":14},"end":{"line":38,"column":null}}]},"2":{"loc":{"start":{"line":33,"column":14},"end":{"line":38,"column":null}},"type":"if","locations":[{"start":{"line":33,"column":14},"end":{"line":38,"column":null}},{"start":{"line":36,"column":15},"end":{"line":38,"column":null}}]}},"s":{"0":10,"1":10,"2":0,"3":0,"4":5,"5":0,"6":8,"7":4,"8":4,"9":0,"10":0,"11":4,"12":0,"13":0,"14":2},"f":{"0":10,"1":0,"2":0,"3":5,"4":0,"5":8,"6":0},"b":{"0":[0,0],"1":[4,4],"2":[0,4]}}
,"D:\\Programacion\\Typescript\\supercalcu\\src\\Math\\Utils\\QueryUtils.ts": {"path":"D:\\Programacion\\Typescript\\supercalcu\\src\\Math\\Utils\\QueryUtils.ts","statementMap":{"0":{"start":{"line":1,"column":0},"end":{"line":1,"column":52}},"1":{"start":{"line":2,"column":0},"end":{"line":2,"column":102}},"2":{"start":{"line":4,"column":19},"end":{"line":131,"column":null}},"3":{"start":{"line":7,"column":25},"end":{"line":7,"column":40}},"4":{"start":{"line":8,"column":26},"end":{"line":8,"column":53}},"5":{"start":{"line":9,"column":8},"end":{"line":11,"column":null}},"6":{"start":{"line":10,"column":16},"end":{"line":10,"column":null}},"7":{"start":{"line":13,"column":8},"end":{"line":18,"column":null}},"8":{"start":{"line":14,"column":12},"end":{"line":14,"column":null}},"9":{"start":{"line":15,"column":12},"end":{"line":17,"column":null}},"10":{"start":{"line":16,"column":16},"end":{"line":16,"column":null}},"11":{"start":{"line":20,"column":8},"end":{"line":25,"column":null}},"12":{"start":{"line":21,"column":12},"end":{"line":21,"column":null}},"13":{"start":{"line":22,"column":12},"end":{"line":24,"column":null}},"14":{"start":{"line":23,"column":16},"end":{"line":23,"column":null}},"15":{"start":{"line":27,"column":8},"end":{"line":32,"column":null}},"16":{"start":{"line":28,"column":12},"end":{"line":28,"column":null}},"17":{"start":{"line":29,"column":12},"end":{"line":31,"column":null}},"18":{"start":{"line":30,"column":16},"end":{"line":30,"column":null}},"19":{"start":{"line":34,"column":8},"end":{"line":39,"column":null}},"20":{"start":{"line":35,"column":12},"end":{"line":35,"column":null}},"21":{"start":{"line":36,"column":12},"end":{"line":38,"column":null}},"22":{"start":{"line":37,"column":16},"end":{"line":37,"column":null}},"23":{"start":{"line":41,"column":8},"end":{"line":41,"column":null}},"24":{"start":{"line":47,"column":25},"end":{"line":47,"column":26}},"25":{"start":{"line":48,"column":25},"end":{"line":48,"column":27}},"26":{"start":{"line":50,"column":8},"end":{"line":62,"column":null}},"27":{"start":{"line":50,"column":20},"end":{"line":50,"column":27}},"28":{"start":{"line":52,"column":12},"end":{"line":55,"column":null}},"29":{"start":{"line":53,"column":16},"end":{"line":53,"column":null}},"30":{"start":{"line":54,"column":16},"end":{"line":54,"column":null}},"31":{"start":{"line":57,"column":12},"end":{"line":58,"column":null}},"32":{"start":{"line":58,"column":16},"end":{"line":58,"column":null}},"33":{"start":{"line":59,"column":12},"end":{"line":60,"column":null}},"34":{"start":{"line":60,"column":16},"end":{"line":60,"column":null}},"35":{"start":{"line":64,"column":8},"end":{"line":64,"column":null}},"36":{"start":{"line":69,"column":25},"end":{"line":69,"column":26}},"37":{"start":{"line":70,"column":24},"end":{"line":70,"column":26}},"38":{"start":{"line":72,"column":8},"end":{"line":84,"column":null}},"39":{"start":{"line":72,"column":20},"end":{"line":72,"column":27}},"40":{"start":{"line":74,"column":12},"end":{"line":77,"column":null}},"41":{"start":{"line":75,"column":16},"end":{"line":75,"column":null}},"42":{"start":{"line":76,"column":16},"end":{"line":76,"column":null}},"43":{"start":{"line":79,"column":12},"end":{"line":80,"column":null}},"44":{"start":{"line":80,"column":16},"end":{"line":80,"column":null}},"45":{"start":{"line":81,"column":12},"end":{"line":82,"column":null}},"46":{"start":{"line":82,"column":16},"end":{"line":82,"column":null}},"47":{"start":{"line":86,"column":8},"end":{"line":86,"column":null}},"48":{"start":{"line":93,"column":29},"end":{"line":93,"column":56}},"49":{"start":{"line":94,"column":30},"end":{"line":94,"column":88}},"50":{"start":{"line":95,"column":8},"end":{"line":106,"column":null}},"51":{"start":{"line":97,"column":12},"end":{"line":105,"column":null}},"52":{"start":{"line":98,"column":29},"end":{"line":98,"column":67}},"53":{"start":{"line":99,"column":16},"end":{"line":99,"column":null}},"54":{"start":{"line":100,"column":16},"end":{"line":100,"column":null}},"55":{"start":{"line":103,"column":16},"end":{"line":104,"column":null}},"56":{"start":{"line":104,"column":20},"end":{"line":104,"column":null}},"57":{"start":{"line":108,"column":8},"end":{"line":108,"column":null}},"58":{"start":{"line":113,"column":8},"end":{"line":113,"column":37}},"59":{"start":{"line":117,"column":8},"end":{"line":117,"column":null}},"60":{"start":{"line":121,"column":8},"end":{"line":121,"column":null}},"61":{"start":{"line":125,"column":8},"end":{"line":128,"column":null}},"62":{"start":{"line":126,"column":12},"end":{"line":126,"column":null}},"63":{"start":{"line":128,"column":12},"end":{"line":128,"column":null}},"64":{"start":{"line":134,"column":22},"end":{"line":134,"column":32}},"65":{"start":{"line":133,"column":0},"end":{"line":133,"column":null}}},"fnMap":{"0":{"name":"(anonymous_1)","decl":{"start":{"line":5,"column":17},"end":{"line":5,"column":26}},"loc":{"start":{"line":5,"column":38},"end":{"line":43,"column":5}}},"1":{"name":"(anonymous_2)","decl":{"start":{"line":45,"column":31},"end":{"line":45,"column":40}},"loc":{"start":{"line":45,"column":73},"end":{"line":65,"column":5}}},"2":{"name":"(anonymous_3)","decl":{"start":{"line":67,"column":30},"end":{"line":67,"column":39}},"loc":{"start":{"line":67,"column":72},"end":{"line":87,"column":5}}},"3":{"name":"(anonymous_4)","decl":{"start":{"line":89,"column":24},"end":{"line":89,"column":33}},"loc":{"start":{"line":89,"column":66},"end":{"line":110,"column":5}}},"4":{"name":"(anonymous_5)","decl":{"start":{"line":112,"column":15},"end":{"line":112,"column":24}},"loc":{"start":{"line":112,"column":32},"end":{"line":114,"column":5}}},"5":{"name":"(anonymous_6)","decl":{"start":{"line":116,"column":16},"end":{"line":116,"column":25}},"loc":{"start":{"line":116,"column":36},"end":{"line":118,"column":5}}},"6":{"name":"(anonymous_7)","decl":{"start":{"line":120,"column":16},"end":{"line":120,"column":25}},"loc":{"start":{"line":120,"column":34},"end":{"line":122,"column":5}}},"7":{"name":"(anonymous_8)","decl":{"start":{"line":124,"column":18},"end":{"line":124,"column":27}},"loc":{"start":{"line":124,"column":60},"end":{"line":129,"column":5}}}},"branchMap":{"0":{"loc":{"start":{"line":9,"column":14},"end":{"line":9,"column":89}},"type":"binary-expr","locations":[{"start":{"line":9,"column":14},"end":{"line":9,"column":31}},{"start":{"line":9,"column":35},"end":{"line":9,"column":89}}]},"1":{"loc":{"start":{"line":13,"column":8},"end":{"line":18,"column":null}},"type":"if","locations":[{"start":{"line":13,"column":8},"end":{"line":18,"column":null}}]},"2":{"loc":{"start":{"line":15,"column":18},"end":{"line":15,"column":93}},"type":"binary-expr","locations":[{"start":{"line":15,"column":18},"end":{"line":15,"column":35}},{"start":{"line":15,"column":39},"end":{"line":15,"column":93}}]},"3":{"loc":{"start":{"line":20,"column":8},"end":{"line":25,"column":null}},"type":"if","locations":[{"start":{"line":20,"column":8},"end":{"line":25,"column":null}}]},"4":{"loc":{"start":{"line":22,"column":18},"end":{"line":22,"column":93}},"type":"binary-expr","locations":[{"start":{"line":22,"column":18},"end":{"line":22,"column":35}},{"start":{"line":22,"column":39},"end":{"line":22,"column":93}}]},"5":{"loc":{"start":{"line":27,"column":8},"end":{"line":32,"column":null}},"type":"if","locations":[{"start":{"line":27,"column":8},"end":{"line":32,"column":null}}]},"6":{"loc":{"start":{"line":29,"column":18},"end":{"line":29,"column":93}},"type":"binary-expr","locations":[{"start":{"line":29,"column":18},"end":{"line":29,"column":35}},{"start":{"line":29,"column":39},"end":{"line":29,"column":93}}]},"7":{"loc":{"start":{"line":34,"column":8},"end":{"line":39,"column":null}},"type":"if","locations":[{"start":{"line":34,"column":8},"end":{"line":39,"column":null}}]},"8":{"loc":{"start":{"line":36,"column":18},"end":{"line":36,"column":148}},"type":"binary-expr","locations":[{"start":{"line":36,"column":18},"end":{"line":36,"column":35}},{"start":{"line":36,"column":40},"end":{"line":36,"column":94}},{"start":{"line":36,"column":98},"end":{"line":36,"column":146}}]},"9":{"loc":{"start":{"line":52,"column":12},"end":{"line":55,"column":null}},"type":"if","locations":[{"start":{"line":52,"column":12},"end":{"line":55,"column":null}}]},"10":{"loc":{"start":{"line":52,"column":15},"end":{"line":52,"column":54}},"type":"binary-expr","locations":[{"start":{"line":52,"column":15},"end":{"line":52,"column":35}},{"start":{"line":52,"column":39},"end":{"line":52,"column":54}}]},"11":{"loc":{"start":{"line":57,"column":12},"end":{"line":58,"column":null}},"type":"if","locations":[{"start":{"line":57,"column":12},"end":{"line":58,"column":null}}]},"12":{"loc":{"start":{"line":59,"column":12},"end":{"line":60,"column":null}},"type":"if","locations":[{"start":{"line":59,"column":12},"end":{"line":60,"column":null}}]},"13":{"loc":{"start":{"line":74,"column":12},"end":{"line":77,"column":null}},"type":"if","locations":[{"start":{"line":74,"column":12},"end":{"line":77,"column":null}}]},"14":{"loc":{"start":{"line":74,"column":15},"end":{"line":74,"column":54}},"type":"binary-expr","locations":[{"start":{"line":74,"column":15},"end":{"line":74,"column":35}},{"start":{"line":74,"column":39},"end":{"line":74,"column":54}}]},"15":{"loc":{"start":{"line":79,"column":12},"end":{"line":80,"column":null}},"type":"if","locations":[{"start":{"line":79,"column":12},"end":{"line":80,"column":null}}]},"16":{"loc":{"start":{"line":81,"column":12},"end":{"line":82,"column":null}},"type":"if","locations":[{"start":{"line":81,"column":12},"end":{"line":82,"column":null}}]},"17":{"loc":{"start":{"line":95,"column":8},"end":{"line":106,"column":null}},"type":"if","locations":[{"start":{"line":95,"column":8},"end":{"line":106,"column":null}}]},"18":{"loc":{"start":{"line":97,"column":12},"end":{"line":105,"column":null}},"type":"if","locations":[{"start":{"line":97,"column":12},"end":{"line":105,"column":null}},{"start":{"line":101,"column":19},"end":{"line":105,"column":null}}]},"19":{"loc":{"start":{"line":103,"column":16},"end":{"line":104,"column":null}},"type":"if","locations":[{"start":{"line":103,"column":16},"end":{"line":104,"column":null}}]},"20":{"loc":{"start":{"line":125,"column":8},"end":{"line":128,"column":null}},"type":"if","locations":[{"start":{"line":125,"column":8},"end":{"line":128,"column":null}},{"start":{"line":128,"column":12},"end":{"line":128,"column":null}}]},"21":{"loc":{"start":{"line":125,"column":11},"end":{"line":125,"column":51}},"type":"binary-expr","locations":[{"start":{"line":125,"column":11},"end":{"line":125,"column":21}},{"start":{"line":125,"column":25},"end":{"line":125,"column":51}}]}},"s":{"0":2,"1":2,"2":2,"3":3,"4":3,"5":3,"6":0,"7":3,"8":2,"9":2,"10":0,"11":3,"12":2,"13":2,"14":0,"15":3,"16":2,"17":2,"18":0,"19":3,"20":2,"21":2,"22":0,"23":3,"24":4,"25":4,"26":4,"27":4,"28":8,"29":0,"30":0,"31":8,"32":0,"33":8,"34":0,"35":4,"36":0,"37":0,"38":0,"39":0,"40":0,"41":0,"42":0,"43":0,"44":0,"45":0,"46":0,"47":0,"48":1,"49":1,"50":1,"51":0,"52":0,"53":0,"54":0,"55":0,"56":0,"57":1,"58":21,"59":10,"60":0,"61":0,"62":0,"63":0,"64":2,"65":2},"f":{"0":3,"1":4,"2":0,"3":1,"4":21,"5":10,"6":0,"7":0},"b":{"0":[3,1],"1":[2],"2":[2,0],"3":[2],"4":[2,0],"5":[2],"6":[2,0],"7":[2],"8":[2,0,0],"9":[0],"10":[8,0],"11":[0],"12":[0],"13":[0],"14":[0,0],"15":[0],"16":[0],"17":[0],"18":[0,0],"19":[0],"20":[0,0],"21":[0,0]}}
}
