TN:
SF:src\BinaryTree\BinaryTree.ts
FN:6,(anonymous_0)
FN:10,(anonymous_1)
FNF:2
FNH:1
FNDA:2,(anonymous_0)
FNDA:0,(anonymous_1)
DA:7,2
DA:11,0
DA:16,1
LF:3
LH:2
BRDA:6,0,0,1
BRF:1
BRH:1
end_of_record
TN:
SF:src\BinaryTree\TreeNode.ts
FN:11,(anonymous_1)
FN:17,(anonymous_2)
FN:21,(anonymous_3)
FN:25,(anonymous_4)
FN:29,(anonymous_5)
FNF:5
FNH:1
FNDA:6,(anonymous_1)
FNDA:0,(anonymous_2)
FNDA:0,(anonymous_3)
FNDA:0,(anonymous_4)
FNDA:0,(anonymous_5)
DA:1,1
DA:2,1
DA:12,6
DA:13,6
DA:14,6
DA:18,0
DA:22,0
DA:26,0
DA:30,0
DA:37,1
LF:10
LH:6
BRDA:11,0,0,4
BRDA:11,1,0,4
BRF:2
BRH:2
end_of_record
TN:
SF:src\Math\MathIO\MathInput\MathQuery.ts
FN:18,(anonymous_1)
FN:24,(anonymous_2)
FN:28,(anonymous_3)
FN:40,(anonymous_4)
FN:47,(anonymous_5)
FNF:5
FNH:4
FNDA:1,(anonymous_1)
FNDA:1,(anonymous_2)
FNDA:0,(anonymous_3)
FNDA:1,(anonymous_4)
FNDA:1,(anonymous_5)
DA:1,1
DA:2,1
DA:3,1
DA:5,1
DA:6,1
DA:7,1
DA:8,1
DA:9,1
DA:10,1
DA:15,1
DA:16,1
DA:19,1
DA:20,1
DA:21,1
DA:25,1
DA:30,0
DA:32,0
DA:33,0
DA:34,0
DA:37,0
DA:42,1
DA:43,1
DA:49,1
DA:60,1
LF:24
LH:19
BRDA:32,0,0,0
BRDA:32,1,0,0
BRDA:32,1,1,0
BRF:3
BRH:0
end_of_record
TN:
SF:src\Math\MathIO\MathInput\MathSubQuery.ts
FN:19,(anonymous_1)
FN:25,(anonymous_2)
FN:29,(anonymous_3)
FN:71,(anonymous_4)
FNF:4
FNH:3
FNDA:3,(anonymous_1)
FNDA:3,(anonymous_2)
FNDA:0,(anonymous_3)
FNDA:3,(anonymous_4)
DA:1,1
DA:2,1
DA:3,1
DA:4,1
DA:7,1
DA:12,1
DA:20,3
DA:21,3
DA:22,3
DA:26,3
DA:31,0
DA:33,0
DA:35,0
DA:36,0
DA:42,0
DA:43,0
DA:44,0
DA:47,0
DA:49,0
DA:50,0
DA:51,0
DA:52,0
DA:53,0
DA:54,0
DA:55,0
DA:56,0
DA:57,0
DA:58,0
DA:66,0
DA:73,3
DA:106,1
LF:31
LH:12
BRDA:29,0,0,0
BRDA:29,1,0,0
BRDA:33,2,0,0
BRDA:35,3,0,0
BRDA:35,3,1,0
BRDA:42,4,0,0
BRDA:42,5,0,0
BRDA:42,5,1,0
BRDA:49,6,0,0
BRDA:51,7,0,0
BRDA:53,8,0,0
BRDA:55,9,0,0
BRDA:57,10,0,0
BRDA:57,11,0,0
BRDA:57,11,1,0
BRF:15
BRH:0
end_of_record
TN:
SF:src\Math\MathIO\MathInput\InputConstructor\AConstructor.ts
FN:7,(anonymous_0)
FNF:1
FNH:1
FNDA:13,(anonymous_0)
DA:8,13
DA:9,13
DA:10,13
DA:17,2
LF:4
LH:4
BRF:0
BRH:0
end_of_record
TN:
SF:src\Math\MathIO\MathInput\InputConstructor\CoefficientConstructor.ts
FN:14,(anonymous_1)
FN:37,(anonymous_2)
FNF:2
FNH:2
FNDA:5,(anonymous_1)
FNDA:3,(anonymous_2)
DA:2,2
DA:3,2
DA:4,2
DA:5,2
DA:6,2
DA:7,2
DA:8,2
DA:16,5
DA:17,5
DA:19,5
DA:23,5
DA:28,2
DA:31,2
DA:34,5
DA:36,5
DA:37,5
DA:39,3
DA:43,3
DA:46,5
DA:48,5
DA:50,3
DA:51,2
DA:52,1
DA:53,1
DA:55,0
DA:59,2
DA:61,2
DA:62,1
DA:64,1
DA:72,2
LF:30
LH:29
BRDA:24,0,0,7
BRDA:24,0,1,5
BRDA:48,1,0,3
BRDA:48,1,1,2
BRDA:50,2,0,2
BRDA:50,2,1,1
BRDA:52,3,0,1
BRDA:52,3,1,0
BRDA:61,4,0,1
BRDA:61,4,1,1
BRF:10
BRH:9
end_of_record
TN:
SF:src\Math\MathIO\MathInput\InputConstructor\MonomioConstructor.ts
FN:10,(anonymous_1)
FN:15,(anonymous_2)
FNF:2
FNH:2
FNDA:5,(anonymous_1)
FNDA:5,(anonymous_2)
DA:1,2
DA:2,2
DA:3,2
DA:4,2
DA:5,2
DA:6,2
DA:7,2
DA:8,2
DA:13,5
DA:17,5
DA:19,5
DA:21,5
DA:22,5
DA:24,5
DA:26,5
DA:27,0
DA:30,5
DA:35,5
DA:36,5
DA:37,5
DA:40,5
DA:41,2
DA:43,2
DA:44,2
DA:45,2
DA:47,2
DA:48,2
DA:54,5
DA:55,3
DA:57,2
DA:60,5
DA:61,5
DA:65,5
DA:71,2
LF:34
LH:33
BRDA:26,0,0,0
BRDA:31,1,0,10
BRDA:31,1,1,10
BRDA:31,1,2,10
BRDA:40,2,0,2
BRDA:44,3,0,2
BRDA:54,4,0,3
BRDA:54,4,1,2
BRF:8
BRH:7
end_of_record
TN:
SF:src\Math\MathIO\MathInput\InputConstructor\TreeNodeConstructor.ts
FN:15,(anonymous_1)
FNF:1
FNH:1
FNDA:3,(anonymous_1)
DA:1,1
DA:2,1
DA:4,1
DA:5,1
DA:6,1
DA:7,1
DA:8,1
DA:9,1
DA:10,1
DA:18,3
DA:23,3
DA:24,3
DA:25,3
DA:27,1
DA:28,1
DA:29,1
DA:30,1
DA:34,2
DA:35,2
DA:36,2
DA:37,2
DA:38,2
DA:48,1
LF:23
LH:23
BRDA:25,0,0,1
BRDA:25,0,1,2
BRDA:36,1,0,2
BRF:3
BRH:3
end_of_record
TN:
SF:src\Math\MathIO\MathInput\InputExtractors\AExtractor.ts
FN:6,(anonymous_0)
FN:15,(anonymous_1)
FNF:2
FNH:2
FNDA:5,(anonymous_0)
FNDA:5,(anonymous_1)
DA:3,5
DA:4,5
DA:7,5
DA:9,5
DA:10,4
DA:16,5
DA:21,2
LF:7
LH:7
BRDA:6,0,0,0
BRDA:9,1,0,4
BRF:2
BRH:1
end_of_record
TN:
SF:src\Math\MathIO\MathInput\InputExtractors\ConstantExtractor.ts
FN:6,(anonymous_1)
FN:11,(anonymous_2)
FNF:2
FNH:2
FNDA:4,(anonymous_1)
FNDA:8,(anonymous_2)
DA:1,2
DA:2,2
DA:8,4
DA:11,4
DA:13,8
DA:15,3
DA:16,3
DA:22,4
DA:28,2
LF:9
LH:9
BRF:0
BRH:0
end_of_record
TN:
SF:src\Math\MathIO\MathInput\InputFilters\AFilter.ts
FN:6,(anonymous_0)
FN:14,(anonymous_1)
FN:20,(anonymous_2)
FNF:3
FNH:3
FNDA:10,(anonymous_0)
FNDA:10,(anonymous_1)
FNDA:10,(anonymous_2)
DA:3,10
DA:4,10
DA:7,10
DA:9,10
DA:10,0
DA:15,10
DA:16,10
DA:21,10
DA:26,1
LF:9
LH:8
BRDA:6,0,0,10
BRDA:9,1,0,0
BRF:2
BRH:1
end_of_record
TN:
SF:src\Math\MathIO\MathInput\InputFilters\DeleteCloseUnopenedParentesisFilter.ts
FN:5,(anonymous_1)
FNF:1
FNH:1
FNDA:1,(anonymous_1)
DA:1,1
DA:2,1
DA:7,1
DA:10,1
DA:11,1
DA:12,0
DA:15,0
DA:16,0
DA:17,0
DA:19,0
DA:20,0
DA:21,0
DA:23,0
DA:27,1
DA:33,1
LF:15
LH:7
BRDA:15,0,0,0
BRDA:15,0,1,0
BRDA:20,1,0,0
BRDA:20,1,1,0
BRF:4
BRH:0
end_of_record
TN:
SF:src\Math\MathIO\MathInput\InputFilters\DeleteOpenUnclosedParentesisFilter.ts
FN:6,(anonymous_1)
FNF:1
FNH:1
FNDA:1,(anonymous_1)
DA:1,1
DA:2,1
DA:8,1
DA:9,1
DA:10,1
DA:11,0
DA:13,0
DA:14,0
DA:15,0
DA:17,0
DA:18,0
DA:19,0
DA:21,0
DA:25,1
DA:31,1
LF:15
LH:7
BRDA:13,0,0,0
BRDA:13,0,1,0
BRDA:18,1,0,0
BRDA:18,1,1,0
BRF:4
BRH:0
end_of_record
TN:
SF:src\Math\MathIO\MathInput\InputFilters\DeleteParentesisShellFilter.ts
FN:6,(anonymous_1)
FNF:1
FNH:1
FNDA:3,(anonymous_1)
DA:1,1
DA:2,1
DA:8,3
DA:9,3
DA:10,3
DA:12,3
DA:13,0
DA:14,0
DA:15,0
DA:16,0
DA:19,3
DA:25,1
LF:12
LH:8
BRDA:12,0,0,3
BRDA:12,0,1,0
BRF:2
BRH:1
end_of_record
TN:
SF:src\Math\MathIO\MathInput\InputFilters\DeleteRepeatedOperatorsFilter.ts
FN:6,(anonymous_1)
FN:9,(anonymous_2)
FNF:2
FNH:2
FNDA:1,(anonymous_1)
FNDA:5,(anonymous_2)
DA:1,1
DA:2,1
DA:9,1
DA:11,5
DA:13,5
DA:14,0
DA:18,1
DA:24,1
LF:8
LH:7
BRF:0
BRH:0
end_of_record
TN:
SF:src\Math\MathIO\MathInput\InputFilters\DeleteRepeatedPointFilter.ts
FN:5,(anonymous_1)
FNF:1
FNH:1
FNDA:3,(anonymous_1)
DA:1,1
DA:7,3
DA:8,0
DA:11,3
DA:17,1
LF:5
LH:4
BRF:0
BRH:0
end_of_record
TN:
SF:src\Math\MathIO\MathInput\InputFilters\DeleteSpacesFilter.ts
FN:5,(anonymous_1)
FNF:1
FNH:1
FNDA:1,(anonymous_1)
DA:1,1
DA:6,1
DA:11,1
LF:3
LH:3
BRF:0
BRH:0
end_of_record
TN:
SF:src\Math\MathIO\MathInput\InputFilters\FilterManager.ts
FN:5,(anonymous_0)
FN:9,(anonymous_1)
FNF:2
FNH:2
FNDA:4,(anonymous_0)
FNDA:10,(anonymous_1)
DA:3,1
DA:7,4
DA:9,4
DA:11,10
DA:12,10
DA:16,4
DA:21,1
LF:7
LH:7
BRF:0
BRH:0
end_of_record
TN:
SF:src\Math\MathIO\MathOutput\MathResult.ts
FN:10,(anonymous_0)
FN:17,(anonymous_1)
FN:21,(anonymous_2)
FNF:3
FNH:0
FNDA:0,(anonymous_0)
FNDA:0,(anonymous_1)
FNDA:0,(anonymous_2)
DA:11,0
DA:12,0
DA:13,0
DA:14,0
DA:18,0
DA:22,0
DA:27,1
LF:7
LH:1
BRDA:10,0,0,0
BRF:1
BRH:0
end_of_record
TN:
SF:src\Math\MathIO\MathOutput\StepByStep\ResultStep.ts
FN:5,(anonymous_0)
FNF:1
FNH:0
FNDA:0,(anonymous_0)
DA:6,0
DA:11,1
LF:2
LH:1
BRF:0
BRH:0
end_of_record
TN:
SF:src\Math\MathOperations\Algebra.ts
FN:12,(anonymous_1)
FN:14,(anonymous_2)
FN:22,(anonymous_3)
FN:56,(anonymous_4)
FN:95,(anonymous_5)
FN:128,(anonymous_6)
FN:155,(anonymous_7)
FNF:7
FNH:0
FNDA:0,(anonymous_1)
FNDA:0,(anonymous_2)
FNDA:0,(anonymous_3)
FNDA:0,(anonymous_4)
FNDA:0,(anonymous_5)
FNDA:0,(anonymous_6)
FNDA:0,(anonymous_7)
DA:1,1
DA:2,1
DA:3,1
DA:5,1
DA:6,1
DA:15,0
DA:16,0
DA:18,0
DA:24,0
DA:30,0
DA:32,0
DA:36,0
DA:38,0
DA:42,0
DA:47,0
DA:48,0
DA:52,0
DA:58,0
DA:64,0
DA:66,0
DA:70,0
DA:72,0
DA:76,0
DA:79,0
DA:81,0
DA:83,0
DA:87,0
DA:91,0
DA:97,0
DA:103,0
DA:105,0
DA:108,0
DA:109,0
DA:112,0
DA:116,0
DA:117,0
DA:118,0
DA:121,0
DA:125,0
DA:130,0
DA:134,0
DA:136,0
DA:139,0
DA:140,0
DA:141,0
DA:144,0
DA:147,0
DA:151,0
DA:152,0
DA:157,0
DA:158,0
DA:161,0
DA:166,1
LF:53
LH:6
BRDA:15,0,0,0
BRDA:22,1,0,0
BRDA:30,2,0,0
BRDA:30,3,0,0
BRDA:30,3,1,0
BRDA:47,4,0,0
BRDA:47,5,0,0
BRDA:47,5,1,0
BRDA:56,6,0,0
BRDA:64,7,0,0
BRDA:64,8,0,0
BRDA:64,8,1,0
BRDA:79,9,0,0
BRDA:79,10,0,0
BRDA:79,10,1,0
BRDA:95,11,0,0
BRDA:103,12,0,0
BRDA:103,13,0,0
BRDA:103,13,1,0
BRDA:116,14,0,0
BRDA:116,15,0,0
BRDA:116,15,1,0
BRDA:128,16,0,0
BRDA:134,17,0,0
BRDA:134,18,0,0
BRDA:134,18,1,0
BRDA:155,19,0,0
BRDA:157,20,0,0
BRF:28
BRH:0
end_of_record
TN:
SF:src\Math\MathOperations\Algebra\FractionOperations.ts
FN:9,(anonymous_1)
FN:15,(anonymous_2)
FN:22,(anonymous_3)
FNF:3
FNH:0
FNDA:0,(anonymous_1)
FNDA:0,(anonymous_2)
FNDA:0,(anonymous_3)
DA:3,1
DA:4,1
DA:5,1
DA:11,0
DA:12,0
DA:17,0
DA:18,0
DA:24,0
DA:25,0
DA:31,1
LF:10
LH:4
BRDA:9,0,0,0
BRDA:15,1,0,0
BRDA:22,2,0,0
BRF:3
BRH:0
end_of_record
TN:
SF:src\Math\MathOperations\Algebra\MonomioOperations.ts
FN:11,(anonymous_1)
FN:18,(anonymous_2)
FN:27,(anonymous_3)
FN:34,(anonymous_4)
FNF:4
FNH:0
FNDA:0,(anonymous_1)
FNDA:0,(anonymous_2)
FNDA:0,(anonymous_3)
FNDA:0,(anonymous_4)
DA:5,2
DA:6,2
DA:7,2
DA:13,0
DA:14,0
DA:19,0
DA:20,0
DA:21,0
DA:22,0
DA:24,0
DA:29,0
DA:30,0
DA:36,0
DA:37,0
DA:38,0
DA:69,2
LF:16
LH:4
BRDA:11,0,0,0
BRDA:18,1,0,0
BRDA:21,2,0,0
BRDA:27,3,0,0
BRDA:34,4,0,0
BRDA:34,5,0,0
BRF:6
BRH:0
end_of_record
TN:
SF:src\Math\MathOperations\Algebra\PolinomioOperations.ts
FN:12,(anonymous_1)
FN:19,(anonymous_2)
FN:27,(anonymous_3)
FN:34,(anonymous_4)
FN:41,(anonymous_5)
FNF:5
FNH:0
FNDA:0,(anonymous_1)
FNDA:0,(anonymous_2)
FNDA:0,(anonymous_3)
FNDA:0,(anonymous_4)
FNDA:0,(anonymous_5)
DA:5,1
DA:6,1
DA:7,1
DA:8,1
DA:14,0
DA:15,0
DA:21,0
DA:23,0
DA:24,0
DA:29,0
DA:30,0
DA:36,0
DA:37,0
DA:43,0
DA:44,0
DA:50,1
LF:16
LH:5
BRDA:12,0,0,0
BRDA:19,1,0,0
BRDA:27,2,0,0
BRDA:34,3,0,0
BRDA:41,4,0,0
BRF:5
BRH:0
end_of_record
TN:
SF:src\Math\MathOperations\Algebra\Fraction\FractionDiv.ts
FN:13,(anonymous_1)
FN:19,(anonymous_2)
FNF:2
FNH:0
FNDA:0,(anonymous_1)
FNDA:0,(anonymous_2)
DA:1,1
DA:2,1
DA:5,1
DA:14,0
DA:15,0
DA:16,0
DA:21,0
DA:25,0
DA:28,0
DA:31,0
DA:32,0
DA:34,0
DA:38,0
DA:39,0
DA:43,0
DA:49,1
LF:16
LH:4
BRDA:13,0,0,0
BRF:1
BRH:0
end_of_record
TN:
SF:src\Math\MathOperations\Algebra\Fraction\FractionMultp.ts
FN:12,(anonymous_1)
FN:18,(anonymous_2)
FNF:2
FNH:0
FNDA:0,(anonymous_1)
FNDA:0,(anonymous_2)
DA:1,1
DA:2,1
DA:4,1
DA:13,0
DA:14,0
DA:15,0
DA:19,0
DA:23,0
DA:27,0
DA:29,0
DA:33,0
DA:35,0
DA:39,0
DA:41,0
DA:45,0
DA:50,1
LF:16
LH:4
BRDA:12,0,0,0
BRF:1
BRH:0
end_of_record
TN:
SF:src\Math\MathOperations\Algebra\Fraction\FractionSum.ts
FN:13,(anonymous_1)
FN:19,(anonymous_2)
FNF:2
FNH:0
FNDA:0,(anonymous_1)
FNDA:0,(anonymous_2)
DA:1,1
DA:2,1
DA:5,1
DA:14,0
DA:15,0
DA:16,0
DA:27,0
DA:31,0
DA:35,0
DA:36,0
DA:39,0
DA:42,0
DA:43,0
DA:47,0
DA:51,0
DA:53,0
DA:57,0
DA:62,1
LF:18
LH:4
BRDA:13,0,0,0
BRF:1
BRH:0
end_of_record
TN:
SF:src\Math\MathOperations\Algebra\Monomio\MonomioDiv.ts
FN:18,(anonymous_1)
FN:24,(anonymous_2)
FN:28,(anonymous_3)
FN:55,(anonymous_4)
FNF:4
FNH:0
FNDA:0,(anonymous_1)
FNDA:0,(anonymous_2)
FNDA:0,(anonymous_3)
FNDA:0,(anonymous_4)
DA:2,2
DA:3,2
DA:5,2
DA:6,2
DA:8,2
DA:16,0
DA:19,0
DA:20,0
DA:21,0
DA:25,0
DA:30,0
DA:31,0
DA:33,0
DA:34,0
DA:36,0
DA:37,0
DA:38,0
DA:39,0
DA:41,0
DA:42,0
DA:43,0
DA:44,0
DA:45,0
DA:49,0
DA:50,0
DA:51,0
DA:52,0
DA:53,0
DA:54,0
DA:55,0
DA:56,0
DA:57,0
DA:58,0
DA:59,0
DA:61,0
DA:62,0
DA:63,0
DA:64,0
DA:67,0
DA:68,0
DA:71,0
DA:77,2
LF:42
LH:6
BRDA:18,0,0,0
BRDA:30,1,0,0
BRDA:30,2,0,0
BRDA:30,2,1,0
BRDA:33,3,0,0
BRDA:36,4,0,0
BRDA:38,5,0,0
BRDA:38,5,1,0
BRDA:38,6,0,0
BRDA:38,6,1,0
BRDA:62,7,0,0
BRDA:62,8,0,0
BRDA:62,8,1,0
BRDA:67,9,0,0
BRDA:67,10,0,0
BRDA:67,10,1,0
BRF:16
BRH:0
end_of_record
TN:
SF:src\Math\MathOperations\Algebra\Monomio\MonomioMultp.ts
FN:13,(anonymous_1)
FN:19,(anonymous_2)
FNF:2
FNH:0
FNDA:0,(anonymous_1)
FNDA:0,(anonymous_2)
DA:3,2
DA:4,2
DA:14,0
DA:15,0
DA:16,0
DA:21,0
DA:23,0
DA:24,0
DA:25,0
DA:26,0
DA:27,0
DA:28,0
DA:34,2
LF:13
LH:3
BRDA:13,0,0,0
BRF:1
BRH:0
end_of_record
TN:
SF:src\Math\MathOperations\Algebra\Monomio\MonomioSum.ts
FN:13,(anonymous_1)
FN:19,(anonymous_2)
FNF:2
FNH:0
FNDA:0,(anonymous_1)
FNDA:0,(anonymous_2)
DA:2,2
DA:4,2
DA:14,0
DA:15,0
DA:16,0
DA:21,0
DA:23,0
DA:24,0
DA:25,0
DA:28,0
DA:35,2
LF:11
LH:3
BRDA:13,0,0,0
BRDA:23,1,0,0
BRDA:23,1,1,0
BRF:3
BRH:0
end_of_record
TN:
SF:src\Math\MathOperations\Algebra\Polinomio\PolinomioDiv.ts
FN:17,(anonymous_1)
FN:23,(anonymous_2)
FNF:2
FNH:0
FNDA:0,(anonymous_1)
FNDA:0,(anonymous_2)
DA:2,1
DA:3,1
DA:4,1
DA:5,1
DA:6,1
DA:8,1
DA:9,1
DA:18,0
DA:19,0
DA:20,0
DA:25,0
DA:26,0
DA:27,0
DA:28,0
DA:30,0
DA:33,0
DA:34,0
DA:37,0
DA:38,0
DA:39,0
DA:41,0
DA:43,0
DA:45,0
DA:47,0
DA:48,0
DA:50,0
DA:51,0
DA:53,0
DA:55,0
DA:56,0
DA:57,0
DA:58,0
DA:59,0
DA:60,0
DA:61,0
DA:62,0
DA:63,0
DA:64,0
DA:65,0
DA:75,0
DA:81,1
LF:41
LH:8
BRDA:17,0,0,0
BRDA:25,1,0,0
BRDA:25,2,0,0
BRDA:25,2,1,0
BRDA:27,3,0,0
BRDA:27,3,1,0
BRDA:33,4,0,0
BRDA:33,5,0,0
BRDA:33,5,1,0
BRDA:41,6,0,0
BRDA:45,7,0,0
BRDA:45,8,0,0
BRDA:45,8,1,0
BRDA:47,9,0,0
BRDA:53,10,0,0
BRDA:55,11,0,0
BRDA:58,12,0,0
BRF:17
BRH:0
end_of_record
TN:
SF:src\Math\MathOperations\Algebra\Polinomio\PolinomioMultp.ts
FN:12,(anonymous_1)
FN:18,(anonymous_2)
FN:22,(anonymous_3)
FN:24,(anonymous_4)
FNF:4
FNH:0
FNDA:0,(anonymous_1)
FNDA:0,(anonymous_2)
FNDA:0,(anonymous_3)
FNDA:0,(anonymous_4)
DA:2,1
DA:4,1
DA:13,0
DA:14,0
DA:15,0
DA:20,0
DA:22,0
DA:24,0
DA:26,0
DA:32,0
DA:33,0
DA:39,1
LF:12
LH:3
BRDA:12,0,0,0
BRF:1
BRH:0
end_of_record
TN:
SF:src\Math\MathOperations\Algebra\Polinomio\PolinomioPow.ts
FN:13,(anonymous_1)
FN:19,(anonymous_2)
FNF:2
FNH:0
FNDA:0,(anonymous_1)
FNDA:0,(anonymous_2)
DA:2,1
DA:3,1
DA:5,1
DA:14,0
DA:15,0
DA:16,0
DA:21,0
DA:23,0
DA:25,0
DA:26,0
DA:29,0
DA:35,1
LF:12
LH:4
BRDA:13,0,0,0
BRF:1
BRH:0
end_of_record
TN:
SF:src\Math\MathOperations\Algebra\Polinomio\PolinomioSum.ts
FN:12,(anonymous_0)
FN:18,(anonymous_1)
FN:28,(anonymous_2)
FNF:3
FNH:0
FNDA:0,(anonymous_0)
FNDA:0,(anonymous_1)
FNDA:0,(anonymous_2)
DA:13,0
DA:14,0
DA:15,0
DA:20,0
DA:22,0
DA:23,0
DA:25,0
DA:26,0
DA:28,0
DA:29,0
DA:31,0
DA:33,0
DA:39,1
LF:13
LH:1
BRDA:12,0,0,0
BRDA:22,1,0,0
BRDA:25,2,0,0
BRF:3
BRH:0
end_of_record
TN:
SF:src\Math\MathStructures\MathStructure.ts
FNF:0
FNH:0
DA:16,2
LF:1
LH:1
BRF:0
BRH:0
end_of_record
TN:
SF:src\Math\MathStructures\Operators.ts
FN:1,(anonymous_0)
FNF:1
FNH:1
FNDA:2,(anonymous_0)
DA:1,2
DA:3,2
DA:4,2
DA:5,2
DA:6,2
DA:7,2
DA:10,2
LF:7
LH:7
BRDA:1,0,0,2
BRDA:1,0,1,2
BRF:2
BRH:2
end_of_record
TN:
SF:src\Math\MathStructures\ComplexStructures\Concat.ts
FN:11,(anonymous_1)
FN:16,(anonymous_2)
FN:19,(anonymous_3)
FN:32,(anonymous_4)
FN:35,(anonymous_5)
FN:37,(anonymous_6)
FN:38,(anonymous_7)
FN:41,(anonymous_8)
FN:50,(anonymous_9)
FN:51,(anonymous_10)
FN:55,(anonymous_11)
FN:65,(anonymous_12)
FN:69,(anonymous_13)
FN:72,(anonymous_14)
FN:75,(anonymous_15)
FN:78,(anonymous_16)
FNF:16
FNH:0
FNDA:0,(anonymous_1)
FNDA:0,(anonymous_2)
FNDA:0,(anonymous_3)
FNDA:0,(anonymous_4)
FNDA:0,(anonymous_5)
FNDA:0,(anonymous_6)
FNDA:0,(anonymous_7)
FNDA:0,(anonymous_8)
FNDA:0,(anonymous_9)
FNDA:0,(anonymous_10)
FNDA:0,(anonymous_11)
FNDA:0,(anonymous_12)
FNDA:0,(anonymous_13)
FNDA:0,(anonymous_14)
FNDA:0,(anonymous_15)
FNDA:0,(anonymous_16)
DA:1,1
DA:2,1
DA:5,1
DA:12,0
DA:13,0
DA:17,0
DA:18,0
DA:19,0
DA:20,0
DA:21,0
DA:22,0
DA:24,0
DA:25,0
DA:29,0
DA:33,0
DA:37,0
DA:38,0
DA:40,0
DA:41,0
DA:42,0
DA:43,0
DA:44,0
DA:48,0
DA:50,0
DA:51,0
DA:53,0
DA:55,0
DA:56,0
DA:57,0
DA:61,0
DA:66,0
DA:70,0
DA:73,0
DA:76,0
DA:79,0
DA:84,1
LF:36
LH:4
BRDA:11,0,0,0
BRDA:20,1,0,0
BRDA:21,2,0,0
BRDA:42,3,0,0
BRDA:56,4,0,0
BRF:5
BRH:0
end_of_record
TN:
SF:src\Math\MathStructures\ComplexStructures\Fraction.ts
FN:9,(anonymous_1)
FN:15,(anonymous_2)
FN:23,(anonymous_3)
FN:25,(anonymous_4)
FN:28,(anonymous_5)
FN:32,(anonymous_6)
FN:36,(anonymous_7)
FN:40,(anonymous_8)
FNF:8
FNH:0
FNDA:0,(anonymous_1)
FNDA:0,(anonymous_2)
FNDA:0,(anonymous_3)
FNDA:0,(anonymous_4)
FNDA:0,(anonymous_5)
FNDA:0,(anonymous_6)
FNDA:0,(anonymous_7)
FNDA:0,(anonymous_8)
DA:2,2
DA:3,2
DA:10,0
DA:11,0
DA:12,0
DA:16,0
DA:17,0
DA:18,0
DA:20,0
DA:26,0
DA:29,0
DA:33,0
DA:37,0
DA:41,0
DA:42,0
DA:47,2
LF:16
LH:3
BRDA:9,0,0,0
BRDA:9,1,0,0
BRDA:17,2,0,0
BRDA:17,2,1,0
BRF:4
BRH:0
end_of_record
TN:
SF:src\Math\MathStructures\ComplexStructures\Polinomio.ts
FN:16,(anonymous_1)
FN:22,(anonymous_2)
FN:28,(anonymous_3)
FN:53,(anonymous_4)
FN:57,(anonymous_5)
FN:63,(anonymous_6)
FN:64,(anonymous_7)
FN:69,(anonymous_8)
FN:71,(anonymous_9)
FN:81,(anonymous_10)
FN:87,(anonymous_11)
FN:103,(anonymous_12)
FN:107,(anonymous_13)
FN:136,(anonymous_14)
FN:146,(anonymous_15)
FN:149,(anonymous_16)
FN:162,(anonymous_17)
FN:164,(anonymous_18)
FN:172,(anonymous_19)
FN:183,(anonymous_20)
FN:184,(anonymous_21)
FN:199,(anonymous_22)
FN:203,(anonymous_23)
FN:204,(anonymous_24)
FN:209,(anonymous_25)
FN:213,(anonymous_26)
FN:215,(anonymous_27)
FNF:27
FNH:2
FNDA:4,(anonymous_1)
FNDA:0,(anonymous_2)
FNDA:0,(anonymous_3)
FNDA:0,(anonymous_4)
FNDA:2,(anonymous_5)
FNDA:0,(anonymous_6)
FNDA:0,(anonymous_7)
FNDA:0,(anonymous_8)
FNDA:0,(anonymous_9)
FNDA:0,(anonymous_10)
FNDA:0,(anonymous_11)
FNDA:0,(anonymous_12)
FNDA:0,(anonymous_13)
FNDA:0,(anonymous_14)
FNDA:0,(anonymous_15)
FNDA:0,(anonymous_16)
FNDA:0,(anonymous_17)
FNDA:0,(anonymous_18)
FNDA:0,(anonymous_19)
FNDA:0,(anonymous_20)
FNDA:0,(anonymous_21)
FNDA:0,(anonymous_22)
FNDA:0,(anonymous_23)
FNDA:0,(anonymous_24)
FNDA:0,(anonymous_25)
FNDA:0,(anonymous_26)
FNDA:0,(anonymous_27)
DA:1,2
DA:2,2
DA:3,2
DA:8,2
DA:9,2
DA:14,4
DA:17,4
DA:18,4
DA:19,4
DA:23,0
DA:24,0
DA:25,0
DA:26,0
DA:28,0
DA:30,0
DA:31,0
DA:32,0
DA:33,0
DA:36,0
DA:40,0
DA:41,0
DA:43,0
DA:44,0
DA:46,0
DA:47,0
DA:49,0
DA:54,0
DA:58,2
DA:59,2
DA:60,0
DA:64,0
DA:65,0
DA:70,0
DA:71,0
DA:73,0
DA:74,0
DA:77,0
DA:83,0
DA:85,0
DA:87,0
DA:89,0
DA:90,0
DA:95,0
DA:99,0
DA:104,0
DA:109,0
DA:111,0
DA:113,0
DA:114,0
DA:115,0
DA:116,0
DA:118,0
DA:119,0
DA:120,0
DA:122,0
DA:123,0
DA:132,0
DA:137,0
DA:138,0
DA:139,0
DA:140,0
DA:147,0
DA:149,0
DA:150,0
DA:152,0
DA:153,0
DA:159,0
DA:163,0
DA:164,0
DA:165,0
DA:166,0
DA:169,0
DA:175,0
DA:177,0
DA:179,0
DA:180,0
DA:181,0
DA:182,0
DA:183,0
DA:184,0
DA:185,0
DA:188,0
DA:192,0
DA:193,0
DA:195,0
DA:200,0
DA:204,0
DA:205,0
DA:210,0
DA:214,0
DA:215,0
DA:216,0
DA:218,0
DA:219,0
DA:225,2
LF:95
LH:12
BRDA:16,0,0,2
BRDA:16,1,0,4
BRDA:25,2,0,0
BRDA:30,3,0,0
BRDA:30,3,1,0
BRDA:30,4,0,0
BRDA:30,4,1,0
BRDA:32,5,0,0
BRDA:40,6,0,0
BRDA:43,7,0,0
BRDA:46,8,0,0
BRDA:57,9,0,2
BRDA:59,10,0,0
BRDA:63,11,0,0
BRDA:73,12,0,0
BRDA:83,13,0,0
BRDA:89,14,0,0
BRDA:116,15,0,0
BRDA:118,16,0,0
BRDA:118,16,1,0
BRDA:137,17,0,0
BRDA:138,18,0,0
BRDA:146,19,0,0
BRDA:150,20,0,0
BRDA:152,21,0,0
BRDA:165,22,0,0
BRDA:177,23,0,0
BRDA:192,24,0,0
BRF:28
BRH:3
end_of_record
TN:
SF:src\Math\MathStructures\PrimitiveStructures\Monomio.ts
FN:14,(anonymous_1)
FN:21,(anonymous_2)
FN:29,(anonymous_3)
FN:33,(anonymous_4)
FN:37,(anonymous_5)
FN:41,(anonymous_6)
FN:52,(anonymous_7)
FN:56,(anonymous_8)
FN:68,(anonymous_9)
FN:72,(anonymous_10)
FN:74,(anonymous_11)
FN:85,(anonymous_12)
FN:89,(anonymous_13)
FN:93,(anonymous_14)
FN:97,(anonymous_15)
FN:111,(anonymous_16)
FNF:16
FNH:2
FNDA:10,(anonymous_1)
FNDA:6,(anonymous_2)
FNDA:0,(anonymous_3)
FNDA:0,(anonymous_4)
FNDA:0,(anonymous_5)
FNDA:0,(anonymous_6)
FNDA:0,(anonymous_7)
FNDA:0,(anonymous_8)
FNDA:0,(anonymous_9)
FNDA:0,(anonymous_10)
FNDA:0,(anonymous_11)
FNDA:0,(anonymous_12)
FNDA:0,(anonymous_13)
FNDA:0,(anonymous_14)
FNDA:0,(anonymous_15)
FNDA:0,(anonymous_16)
DA:1,2
DA:2,2
DA:3,2
DA:5,2
DA:6,2
DA:15,10
DA:16,10
DA:17,10
DA:23,6
DA:24,0
DA:25,6
DA:30,0
DA:34,0
DA:38,0
DA:42,0
DA:44,0
DA:45,0
DA:49,0
DA:53,0
DA:59,0
DA:60,0
DA:61,0
DA:63,0
DA:69,0
DA:74,0
DA:76,0
DA:80,0
DA:81,0
DA:86,0
DA:90,0
DA:94,0
DA:98,0
DA:100,0
DA:101,0
DA:103,0
DA:107,0
DA:112,0
DA:117,2
LF:38
LH:11
BRDA:14,0,0,0
BRDA:14,1,0,1
BRDA:23,2,0,0
BRDA:42,3,0,0
BRDA:44,4,0,0
BRDA:59,5,0,0
BRDA:59,5,1,0
BRDA:68,6,0,0
BRDA:72,7,0,0
BRDA:80,8,0,0
BRDA:98,9,0,0
BRDA:98,9,1,0
BRDA:100,10,0,0
BRDA:100,10,1,0
BRF:14
BRH:1
end_of_record
TN:
SF:src\Math\MathStructures\PrimitiveStructures\Coefficient\ACoefficient.ts
FN:6,(anonymous_0)
FN:12,(anonymous_1)
FN:16,(anonymous_2)
FN:20,(anonymous_3)
FNF:4
FNH:2
FNDA:16,(anonymous_0)
FNDA:0,(anonymous_1)
FNDA:12,(anonymous_2)
FNDA:0,(anonymous_3)
DA:7,16
DA:13,0
DA:17,12
DA:21,0
DA:28,2
LF:5
LH:3
BRDA:6,0,0,0
BRF:1
BRH:0
end_of_record
TN:
SF:src\Math\MathStructures\PrimitiveStructures\Coefficient\ConstantCoefficient.ts
FN:9,(anonymous_1)
FN:15,(anonymous_2)
FN:19,(anonymous_3)
FNF:3
FNH:2
FNDA:6,(anonymous_1)
FNDA:6,(anonymous_2)
FNDA:0,(anonymous_3)
DA:1,2
DA:7,6
DA:10,6
DA:11,6
DA:12,6
DA:16,6
DA:20,0
DA:21,0
DA:26,2
LF:9
LH:7
BRDA:21,0,0,0
BRDA:21,0,1,0
BRF:2
BRH:0
end_of_record
TN:
SF:src\Math\MathStructures\PrimitiveStructures\Coefficient\MixedCoefficient.ts
FN:11,(anonymous_1)
FN:16,(anonymous_2)
FN:22,(anonymous_3)
FN:25,(anonymous_4)
FN:32,(anonymous_5)
FNF:5
FNH:4
FNDA:2,(anonymous_1)
FNDA:4,(anonymous_2)
FNDA:2,(anonymous_3)
FNDA:6,(anonymous_4)
FNDA:0,(anonymous_5)
DA:1,2
DA:12,2
DA:13,2
DA:15,2
DA:16,4
DA:18,2
DA:23,2
DA:25,2
DA:26,6
DA:29,2
DA:33,0
DA:34,0
DA:39,2
LF:13
LH:11
BRDA:33,0,0,0
BRF:1
BRH:0
end_of_record
TN:
SF:src\Math\MathStructures\PrimitiveStructures\Coefficient\NumberCoefficient.ts
FN:5,(anonymous_1)
FN:9,(anonymous_2)
FN:13,(anonymous_3)
FNF:3
FNH:1
FNDA:4,(anonymous_1)
FNDA:0,(anonymous_2)
FNDA:0,(anonymous_3)
DA:1,2
DA:6,4
DA:10,0
DA:14,0
DA:19,2
LF:5
LH:3
BRF:0
BRH:0
end_of_record
TN:
SF:src\Math\MathStructures\PrimitiveStructures\Coefficient\Constants\AConstant.ts
FN:6,(anonymous_0)
FN:9,(anonymous_1)
FNF:2
FNH:2
FNDA:12,(anonymous_0)
FNDA:6,(anonymous_1)
DA:7,12
DA:10,6
DA:15,2
LF:3
LH:3
BRF:0
BRH:0
end_of_record
TN:
SF:src\Math\MathStructures\PrimitiveStructures\Coefficient\Constants\Constants.list.ts
FNF:0
FNH:0
DA:2,2
DA:3,2
DA:5,2
DA:6,2
DA:7,2
DA:9,2
LF:6
LH:6
BRF:0
BRH:0
end_of_record
TN:
SF:src\Math\MathStructures\PrimitiveStructures\Coefficient\Constants\EulerConstant.ts
FN:3,(anonymous_1)
FNF:1
FNH:1
FNDA:2,(anonymous_1)
DA:1,2
DA:4,2
DA:5,2
DA:8,2
LF:4
LH:4
BRF:0
BRH:0
end_of_record
TN:
SF:src\Math\MathStructures\PrimitiveStructures\Coefficient\Constants\PIConstant.ts
FN:3,(anonymous_1)
FNF:1
FNH:1
FNDA:2,(anonymous_1)
DA:1,2
DA:4,2
DA:5,2
DA:8,2
LF:4
LH:4
BRF:0
BRH:0
end_of_record
TN:
SF:src\Math\MathStructures\PrimitiveStructures\Literal\Literal.ts
FN:7,(anonymous_1)
FN:11,(anonymous_2)
FN:18,(anonymous_3)
FN:27,(anonymous_4)
FN:54,(anonymous_5)
FN:58,(anonymous_6)
FN:78,(anonymous_7)
FN:82,(anonymous_8)
FN:102,(anonymous_9)
FN:104,(anonymous_10)
FN:110,(anonymous_11)
FN:118,(anonymous_12)
FN:137,(anonymous_13)
FN:139,(anonymous_14)
FN:145,(anonymous_15)
FN:148,(anonymous_16)
FNF:16
FNH:4
FNDA:10,(anonymous_1)
FNDA:5,(anonymous_2)
FNDA:0,(anonymous_3)
FNDA:0,(anonymous_4)
FNDA:0,(anonymous_5)
FNDA:0,(anonymous_6)
FNDA:0,(anonymous_7)
FNDA:0,(anonymous_8)
FNDA:0,(anonymous_9)
FNDA:0,(anonymous_10)
FNDA:0,(anonymous_11)
FNDA:0,(anonymous_12)
FNDA:6,(anonymous_13)
FNDA:8,(anonymous_14)
FNDA:0,(anonymous_15)
FNDA:0,(anonymous_16)
DA:1,2
DA:8,10
DA:12,5
DA:13,5
DA:14,0
DA:20,0
DA:21,0
DA:22,0
DA:24,0
DA:29,0
DA:31,0
DA:33,0
DA:34,0
DA:36,0
DA:37,0
DA:38,0
DA:39,0
DA:40,0
DA:41,0
DA:43,0
DA:56,0
DA:58,0
DA:60,0
DA:62,0
DA:63,0
DA:67,0
DA:68,0
DA:74,0
DA:80,0
DA:82,0
DA:84,0
DA:86,0
DA:87,0
DA:91,0
DA:92,0
DA:98,0
DA:104,0
DA:105,0
DA:112,0
DA:113,0
DA:115,0
DA:116,0
DA:118,0
DA:120,0
DA:122,0
DA:123,0
DA:129,0
DA:133,0
DA:138,6
DA:139,6
DA:140,8
DA:142,6
DA:147,0
DA:148,0
DA:149,0
DA:151,0
DA:156,2
LF:57
LH:9
BRDA:7,0,0,6
BRDA:11,1,0,5
BRDA:13,2,0,0
BRDA:21,3,0,0
BRDA:36,4,0,0
BRDA:38,5,0,0
BRDA:38,5,1,0
BRDA:54,6,0,0
BRDA:60,7,0,0
BRDA:60,7,1,0
BRDA:62,8,0,0
BRDA:67,9,0,0
BRDA:78,10,0,0
BRDA:84,11,0,0
BRDA:84,11,1,0
BRDA:86,12,0,0
BRDA:91,13,0,0
BRDA:115,14,0,0
BRDA:122,15,0,0
BRF:19
BRH:2
end_of_record
TN:
SF:src\Math\MathStructures\PrimitiveStructures\Literal\Variable.ts
FN:6,(anonymous_0)
FN:11,(anonymous_1)
FN:15,(anonymous_2)
FN:19,(anonymous_3)
FN:25,(anonymous_4)
FN:29,(anonymous_5)
FN:42,(anonymous_6)
FNF:7
FNH:3
FNDA:10,(anonymous_0)
FNDA:0,(anonymous_1)
FNDA:0,(anonymous_2)
FNDA:5,(anonymous_3)
FNDA:0,(anonymous_4)
FNDA:8,(anonymous_5)
FNDA:0,(anonymous_6)
DA:7,10
DA:8,10
DA:12,0
DA:16,0
DA:21,5
DA:26,0
DA:31,8
DA:32,4
DA:33,4
DA:34,0
DA:35,0
DA:37,4
DA:44,0
DA:45,0
DA:51,2
LF:15
LH:8
BRDA:16,0,0,0
BRDA:16,0,1,0
BRDA:31,1,0,4
BRDA:31,1,1,4
BRDA:33,2,0,0
BRDA:33,2,1,4
BRF:6
BRH:3
end_of_record
TN:
SF:src\Math\Utils\QueryUtils.ts
FN:5,(anonymous_1)
FN:45,(anonymous_2)
FN:67,(anonymous_3)
FN:89,(anonymous_4)
FN:112,(anonymous_5)
FN:116,(anonymous_6)
FN:120,(anonymous_7)
FN:124,(anonymous_8)
FNF:8
FNH:5
FNDA:3,(anonymous_1)
FNDA:4,(anonymous_2)
FNDA:0,(anonymous_3)
FNDA:1,(anonymous_4)
FNDA:21,(anonymous_5)
FNDA:10,(anonymous_6)
FNDA:0,(anonymous_7)
FNDA:0,(anonymous_8)
DA:1,2
DA:2,2
DA:4,2
DA:7,3
DA:8,3
DA:9,3
DA:10,0
DA:13,3
DA:14,2
DA:15,2
DA:16,0
DA:20,3
DA:21,2
DA:22,2
DA:23,0
DA:27,3
DA:28,2
DA:29,2
DA:30,0
DA:34,3
DA:35,2
DA:36,2
DA:37,0
DA:41,3
DA:47,4
DA:48,4
DA:50,4
DA:52,8
DA:53,0
DA:54,0
DA:57,8
DA:58,0
DA:59,8
DA:60,0
DA:64,4
DA:69,0
DA:70,0
DA:72,0
DA:74,0
DA:75,0
DA:76,0
DA:79,0
DA:80,0
DA:81,0
DA:82,0
DA:86,0
DA:93,1
DA:94,1
DA:95,1
DA:97,0
DA:98,0
DA:99,0
DA:100,0
DA:103,0
DA:104,0
DA:108,1
DA:113,21
DA:117,10
DA:121,0
DA:125,0
DA:126,0
DA:128,0
DA:133,2
DA:134,2
LF:64
LH:34
BRDA:9,0,0,3
BRDA:9,0,1,1
BRDA:13,1,0,2
BRDA:15,2,0,2
BRDA:15,2,1,0
BRDA:20,3,0,2
BRDA:22,4,0,2
BRDA:22,4,1,0
BRDA:27,5,0,2
BRDA:29,6,0,2
BRDA:29,6,1,0
BRDA:34,7,0,2
BRDA:36,8,0,2
BRDA:36,8,1,0
BRDA:36,8,2,0
BRDA:52,9,0,0
BRDA:52,10,0,8
BRDA:52,10,1,0
BRDA:57,11,0,0
BRDA:59,12,0,0
BRDA:74,13,0,0
BRDA:74,14,0,0
BRDA:74,14,1,0
BRDA:79,15,0,0
BRDA:81,16,0,0
BRDA:95,17,0,0
BRDA:97,18,0,0
BRDA:97,18,1,0
BRDA:103,19,0,0
BRDA:125,20,0,0
BRDA:125,20,1,0
BRDA:125,21,0,0
BRDA:125,21,1,0
BRF:33
BRH:11
end_of_record
